01-Jun-2020 00:00:25.106 INFO [main] org.apache.catalina.startup.VersionLoggerListener.log Server version name:   Apache Tomcat/8.5.55
01-Jun-2020 00:00:25.109 INFO [main] org.apache.catalina.startup.VersionLoggerListener.log Server built:          May 5 2020 22:10:54 UTC
01-Jun-2020 00:00:25.109 INFO [main] org.apache.catalina.startup.VersionLoggerListener.log Server version number: 8.5.55.0
01-Jun-2020 00:00:25.109 INFO [main] org.apache.catalina.startup.VersionLoggerListener.log OS Name:               Mac OS X
01-Jun-2020 00:00:25.109 INFO [main] org.apache.catalina.startup.VersionLoggerListener.log OS Version:            10.15.5
01-Jun-2020 00:00:25.109 INFO [main] org.apache.catalina.startup.VersionLoggerListener.log Architecture:          x86_64
01-Jun-2020 00:00:25.110 INFO [main] org.apache.catalina.startup.VersionLoggerListener.log Java Home:             /Library/Java/JavaVirtualMachines/jdk-13.0.2.jdk/Contents/Home
01-Jun-2020 00:00:25.110 INFO [main] org.apache.catalina.startup.VersionLoggerListener.log JVM Version:           13.0.2+8
01-Jun-2020 00:00:25.110 INFO [main] org.apache.catalina.startup.VersionLoggerListener.log JVM Vendor:            Oracle Corporation
01-Jun-2020 00:00:25.110 INFO [main] org.apache.catalina.startup.VersionLoggerListener.log CATALINA_BASE:         /Users/ufukbarankarakaya94/Desktop/apache-tomcat-8.5.55
01-Jun-2020 00:00:25.110 INFO [main] org.apache.catalina.startup.VersionLoggerListener.log CATALINA_HOME:         /Users/ufukbarankarakaya94/Desktop/apache-tomcat-8.5.55
01-Jun-2020 00:00:25.111 INFO [main] org.apache.catalina.startup.VersionLoggerListener.log Command line argument: --add-opens=java.base/java.lang=ALL-UNNAMED
01-Jun-2020 00:00:25.112 INFO [main] org.apache.catalina.startup.VersionLoggerListener.log Command line argument: --add-opens=java.base/java.io=ALL-UNNAMED
01-Jun-2020 00:00:25.112 INFO [main] org.apache.catalina.startup.VersionLoggerListener.log Command line argument: --add-opens=java.rmi/sun.rmi.transport=ALL-UNNAMED
01-Jun-2020 00:00:25.112 INFO [main] org.apache.catalina.startup.VersionLoggerListener.log Command line argument: -Djava.util.logging.config.file=/Users/ufukbarankarakaya94/Desktop/apache-tomcat-8.5.55/conf/logging.properties
01-Jun-2020 00:00:25.112 INFO [main] org.apache.catalina.startup.VersionLoggerListener.log Command line argument: -Djava.util.logging.manager=org.apache.juli.ClassLoaderLogManager
01-Jun-2020 00:00:25.112 INFO [main] org.apache.catalina.startup.VersionLoggerListener.log Command line argument: -Djdk.tls.ephemeralDHKeySize=2048
01-Jun-2020 00:00:25.113 INFO [main] org.apache.catalina.startup.VersionLoggerListener.log Command line argument: -Djava.protocol.handler.pkgs=org.apache.catalina.webresources
01-Jun-2020 00:00:25.113 INFO [main] org.apache.catalina.startup.VersionLoggerListener.log Command line argument: -Dorg.apache.catalina.security.SecurityListener.UMASK=0027
01-Jun-2020 00:00:25.113 INFO [main] org.apache.catalina.startup.VersionLoggerListener.log Command line argument: -Dignore.endorsed.dirs=
01-Jun-2020 00:00:25.114 INFO [main] org.apache.catalina.startup.VersionLoggerListener.log Command line argument: -Dcatalina.base=/Users/ufukbarankarakaya94/Desktop/apache-tomcat-8.5.55
01-Jun-2020 00:00:25.114 INFO [main] org.apache.catalina.startup.VersionLoggerListener.log Command line argument: -Dcatalina.home=/Users/ufukbarankarakaya94/Desktop/apache-tomcat-8.5.55
01-Jun-2020 00:00:25.114 INFO [main] org.apache.catalina.startup.VersionLoggerListener.log Command line argument: -Djava.io.tmpdir=/Users/ufukbarankarakaya94/Desktop/apache-tomcat-8.5.55/temp
01-Jun-2020 00:00:25.114 INFO [main] org.apache.catalina.core.AprLifecycleListener.lifecycleEvent The Apache Tomcat Native library which allows using OpenSSL was not found on the java.library.path: [/Users/ufukbarankarakaya94/Library/Java/Extensions:/Library/Java/Extensions:/Network/Library/Java/Extensions:/System/Library/Java/Extensions:/usr/lib/java:.]
01-Jun-2020 00:00:25.147 INFO [main] org.apache.coyote.AbstractProtocol.init Initializing ProtocolHandler ["http-nio-8080"]
01-Jun-2020 00:00:25.163 SEVERE [main] org.apache.catalina.core.StandardService.initInternal Failed to initialize connector [Connector[HTTP/1.1-8080]]
	org.apache.catalina.LifecycleException: Protocol handler initialization failed
		at org.apache.catalina.connector.Connector.initInternal(Connector.java:1068)
		at org.apache.catalina.util.LifecycleBase.init(LifecycleBase.java:136)
		at org.apache.catalina.core.StandardService.initInternal(StandardService.java:552)
		at org.apache.catalina.util.LifecycleBase.init(LifecycleBase.java:136)
		at org.apache.catalina.core.StandardServer.initInternal(StandardServer.java:848)
		at org.apache.catalina.util.LifecycleBase.init(LifecycleBase.java:136)
		at org.apache.catalina.startup.Catalina.load(Catalina.java:639)
		at org.apache.catalina.startup.Catalina.load(Catalina.java:662)
		at java.base/jdk.internal.reflect.NativeMethodAccessorImpl.invoke0(Native Method)
		at java.base/jdk.internal.reflect.NativeMethodAccessorImpl.invoke(NativeMethodAccessorImpl.java:62)
		at java.base/jdk.internal.reflect.DelegatingMethodAccessorImpl.invoke(DelegatingMethodAccessorImpl.java:43)
		at java.base/java.lang.reflect.Method.invoke(Method.java:567)
		at org.apache.catalina.startup.Bootstrap.load(Bootstrap.java:303)
		at org.apache.catalina.startup.Bootstrap.main(Bootstrap.java:473)
	Caused by: java.net.BindException: Address already in use
		at java.base/sun.nio.ch.Net.bind0(Native Method)
		at java.base/sun.nio.ch.Net.bind(Net.java:469)
		at java.base/sun.nio.ch.Net.bind(Net.java:458)
		at java.base/sun.nio.ch.ServerSocketChannelImpl.bind(ServerSocketChannelImpl.java:220)
		at java.base/sun.nio.ch.ServerSocketAdaptor.bind(ServerSocketAdaptor.java:88)
		at org.apache.tomcat.util.net.NioEndpoint.bind(NioEndpoint.java:221)
		at org.apache.tomcat.util.net.AbstractEndpoint.init(AbstractEndpoint.java:1118)
		at org.apache.tomcat.util.net.AbstractJsseEndpoint.init(AbstractJsseEndpoint.java:222)
		at org.apache.coyote.AbstractProtocol.init(AbstractProtocol.java:587)
		at org.apache.coyote.http11.AbstractHttp11Protocol.init(AbstractHttp11Protocol.java:74)
		at org.apache.catalina.connector.Connector.initInternal(Connector.java:1066)
		... 13 more
01-Jun-2020 00:00:25.165 INFO [main] org.apache.catalina.startup.Catalina.load Initialization processed in 394 ms
01-Jun-2020 00:00:25.203 INFO [main] org.apache.catalina.core.StandardService.startInternal Starting service [Catalina]
01-Jun-2020 00:00:25.204 INFO [main] org.apache.catalina.core.StandardEngine.startInternal Starting Servlet Engine: Apache Tomcat/8.5.55
01-Jun-2020 00:00:25.224 INFO [localhost-startStop-1] org.apache.catalina.startup.HostConfig.deployWAR Deploying web application archive [/Users/ufukbarankarakaya94/Desktop/apache-tomcat-8.5.55/webapps/etrolley-1.00.war]
01-Jun-2020 00:00:25.334 WARNING [localhost-startStop-1] org.apache.tomcat.util.descriptor.web.WebXml.setVersion Unknown version string [4.0]. Default version will be used.
01-Jun-2020 00:00:25.529 WARNING [localhost-startStop-1] org.apache.tomcat.jdbc.pool.ConnectionPool.checkPoolConfiguration maxIdle is larger than maxActive, setting maxIdle to: 10
01-Jun-2020 00:00:25.706 INFO [localhost-startStop-1] org.apache.jasper.servlet.TldScanner.scanJars At least one JAR was scanned for TLDs yet contained no TLDs. Enable debug logging for this logger for a complete list of JARs that were scanned but no TLDs were found in them. Skipping unneeded JARs during scanning can improve startup time and JSP compilation time.
01-Jun-2020 00:00:25.742 INFO [localhost-startStop-1] org.apache.catalina.startup.HostConfig.deployWAR Deployment of web application archive [/Users/ufukbarankarakaya94/Desktop/apache-tomcat-8.5.55/webapps/etrolley-1.00.war] has finished in [517] ms
01-Jun-2020 00:00:25.743 INFO [localhost-startStop-1] org.apache.catalina.startup.HostConfig.deployDirectory Deploying web application directory [/Users/ufukbarankarakaya94/Desktop/apache-tomcat-8.5.55/webapps/docs]
01-Jun-2020 00:00:25.760 INFO [localhost-startStop-1] org.apache.catalina.startup.HostConfig.deployDirectory Deployment of web application directory [/Users/ufukbarankarakaya94/Desktop/apache-tomcat-8.5.55/webapps/docs] has finished in [17] ms
01-Jun-2020 00:00:25.760 INFO [localhost-startStop-1] org.apache.catalina.startup.HostConfig.deployDirectory Deploying web application directory [/Users/ufukbarankarakaya94/Desktop/apache-tomcat-8.5.55/webapps/manager]
01-Jun-2020 00:00:25.786 INFO [localhost-startStop-1] org.apache.catalina.startup.HostConfig.deployDirectory Deployment of web application directory [/Users/ufukbarankarakaya94/Desktop/apache-tomcat-8.5.55/webapps/manager] has finished in [26] ms
01-Jun-2020 00:00:25.786 INFO [localhost-startStop-1] org.apache.catalina.startup.HostConfig.deployDirectory Deploying web application directory [/Users/ufukbarankarakaya94/Desktop/apache-tomcat-8.5.55/webapps/examples]
01-Jun-2020 00:00:25.974 INFO [localhost-startStop-1] org.apache.catalina.startup.HostConfig.deployDirectory Deployment of web application directory [/Users/ufukbarankarakaya94/Desktop/apache-tomcat-8.5.55/webapps/examples] has finished in [188] ms
01-Jun-2020 00:00:25.975 INFO [localhost-startStop-1] org.apache.catalina.startup.HostConfig.deployDirectory Deploying web application directory [/Users/ufukbarankarakaya94/Desktop/apache-tomcat-8.5.55/webapps/ROOT]
01-Jun-2020 00:00:25.989 INFO [localhost-startStop-1] org.apache.catalina.startup.HostConfig.deployDirectory Deployment of web application directory [/Users/ufukbarankarakaya94/Desktop/apache-tomcat-8.5.55/webapps/ROOT] has finished in [15] ms
01-Jun-2020 00:00:25.989 INFO [localhost-startStop-1] org.apache.catalina.startup.HostConfig.deployDirectory Deploying web application directory [/Users/ufukbarankarakaya94/Desktop/apache-tomcat-8.5.55/webapps/host-manager]
01-Jun-2020 00:00:26.008 INFO [localhost-startStop-1] org.apache.catalina.startup.HostConfig.deployDirectory Deployment of web application directory [/Users/ufukbarankarakaya94/Desktop/apache-tomcat-8.5.55/webapps/host-manager] has finished in [19] ms
01-Jun-2020 00:00:26.013 INFO [main] org.apache.catalina.startup.Catalina.start Server startup in 847 ms
01-Jun-2020 00:00:26.016 SEVERE [main] org.apache.catalina.core.StandardServer.await StandardServer.await: create[localhost:8005]: 
	java.net.BindException: Address already in use
		at java.base/sun.nio.ch.Net.bind0(Native Method)
		at java.base/sun.nio.ch.Net.bind(Net.java:469)
		at java.base/sun.nio.ch.Net.bind(Net.java:458)
		at java.base/sun.nio.ch.NioSocketImpl.bind(NioSocketImpl.java:643)
		at java.base/java.net.ServerSocket.bind(ServerSocket.java:374)
		at java.base/java.net.ServerSocket.<init>(ServerSocket.java:260)
		at org.apache.catalina.core.StandardServer.await(StandardServer.java:421)
		at org.apache.catalina.startup.Catalina.await(Catalina.java:776)
		at org.apache.catalina.startup.Catalina.start(Catalina.java:722)
		at java.base/jdk.internal.reflect.NativeMethodAccessorImpl.invoke0(Native Method)
		at java.base/jdk.internal.reflect.NativeMethodAccessorImpl.invoke(NativeMethodAccessorImpl.java:62)
		at java.base/jdk.internal.reflect.DelegatingMethodAccessorImpl.invoke(DelegatingMethodAccessorImpl.java:43)
		at java.base/java.lang.reflect.Method.invoke(Method.java:567)
		at org.apache.catalina.startup.Bootstrap.start(Bootstrap.java:343)
		at org.apache.catalina.startup.Bootstrap.main(Bootstrap.java:474)
01-Jun-2020 00:00:26.017 INFO [main] org.apache.coyote.AbstractProtocol.pause Pausing ProtocolHandler ["http-nio-8080"]
01-Jun-2020 00:00:26.017 INFO [main] org.apache.catalina.core.StandardService.stopInternal Stopping service [Catalina]
01-Jun-2020 00:00:26.035 WARNING [localhost-startStop-1] org.apache.catalina.loader.WebappClassLoaderBase.clearReferencesJdbc The web application [etrolley-1.00] registered the JDBC driver [org.postgresql.Driver] but failed to unregister it when the web application was stopped. To prevent a memory leak, the JDBC Driver has been forcibly unregistered.
01-Jun-2020 00:00:26.040 INFO [main] org.apache.coyote.AbstractProtocol.stop Stopping ProtocolHandler ["http-nio-8080"]
01-Jun-2020 00:00:26.040 INFO [main] org.apache.coyote.AbstractProtocol.destroy Destroying ProtocolHandler ["http-nio-8080"]
01-Jun-2020 00:00:51.334 INFO [ContainerBackgroundProcessor[StandardEngine[Catalina]]] org.apache.catalina.startup.HostConfig.undeploy Undeploying context [/etrolley-1.00]
01-Jun-2020 00:00:51.340 WARNING [ContainerBackgroundProcessor[StandardEngine[Catalina]]] org.apache.catalina.loader.WebappClassLoaderBase.clearReferencesJdbc The web application [etrolley-1.00] registered the JDBC driver [org.postgresql.Driver] but failed to unregister it when the web application was stopped. To prevent a memory leak, the JDBC Driver has been forcibly unregistered.
01-Jun-2020 00:01:11.352 INFO [localhost-startStop-141] org.apache.catalina.startup.HostConfig.deployWAR Deploying web application archive [/Users/ufukbarankarakaya94/Desktop/apache-tomcat-8.5.55/webapps/etrolley-1.00.war]
01-Jun-2020 00:01:11.428 WARNING [localhost-startStop-141] org.apache.tomcat.util.descriptor.web.WebXml.setVersion Unknown version string [4.0]. Default version will be used.
01-Jun-2020 00:01:11.562 INFO [localhost-startStop-141] org.apache.jasper.servlet.TldScanner.scanJars At least one JAR was scanned for TLDs yet contained no TLDs. Enable debug logging for this logger for a complete list of JARs that were scanned but no TLDs were found in them. Skipping unneeded JARs during scanning can improve startup time and JSP compilation time.
01-Jun-2020 00:01:11.565 INFO [localhost-startStop-141] org.apache.catalina.startup.HostConfig.deployWAR Deployment of web application archive [/Users/ufukbarankarakaya94/Desktop/apache-tomcat-8.5.55/webapps/etrolley-1.00.war] has finished in [213] ms
01-Jun-2020 00:03:41.641 INFO [ContainerBackgroundProcessor[StandardEngine[Catalina]]] org.apache.catalina.startup.HostConfig.undeploy Undeploying context [/etrolley-1.00]
01-Jun-2020 00:03:41.645 WARNING [ContainerBackgroundProcessor[StandardEngine[Catalina]]] org.apache.catalina.loader.WebappClassLoaderBase.clearReferencesJdbc The web application [etrolley-1.00] registered the JDBC driver [org.postgresql.Driver] but failed to unregister it when the web application was stopped. To prevent a memory leak, the JDBC Driver has been forcibly unregistered.
01-Jun-2020 00:03:41.649 INFO [localhost-startStop-142] org.apache.catalina.startup.HostConfig.deployWAR Deploying web application archive [/Users/ufukbarankarakaya94/Desktop/apache-tomcat-8.5.55/webapps/etrolley-1.00.war]
01-Jun-2020 00:03:41.750 WARNING [localhost-startStop-142] org.apache.tomcat.util.descriptor.web.WebXml.setVersion Unknown version string [4.0]. Default version will be used.
01-Jun-2020 00:03:41.927 INFO [localhost-startStop-142] org.apache.jasper.servlet.TldScanner.scanJars At least one JAR was scanned for TLDs yet contained no TLDs. Enable debug logging for this logger for a complete list of JARs that were scanned but no TLDs were found in them. Skipping unneeded JARs during scanning can improve startup time and JSP compilation time.
01-Jun-2020 00:03:41.930 INFO [localhost-startStop-142] org.apache.catalina.startup.HostConfig.deployWAR Deployment of web application archive [/Users/ufukbarankarakaya94/Desktop/apache-tomcat-8.5.55/webapps/etrolley-1.00.war] has finished in [281] ms
01-Jun-2020 00:05:31.984 INFO [ContainerBackgroundProcessor[StandardEngine[Catalina]]] org.apache.catalina.startup.HostConfig.undeploy Undeploying context [/etrolley-1.00]
01-Jun-2020 00:05:31.988 WARNING [ContainerBackgroundProcessor[StandardEngine[Catalina]]] org.apache.catalina.loader.WebappClassLoaderBase.clearReferencesJdbc The web application [etrolley-1.00] registered the JDBC driver [org.postgresql.Driver] but failed to unregister it when the web application was stopped. To prevent a memory leak, the JDBC Driver has been forcibly unregistered.
01-Jun-2020 00:05:31.994 INFO [localhost-startStop-143] org.apache.catalina.startup.HostConfig.deployWAR Deploying web application archive [/Users/ufukbarankarakaya94/Desktop/apache-tomcat-8.5.55/webapps/etrolley-1.00.war]
01-Jun-2020 00:05:32.065 WARNING [localhost-startStop-143] org.apache.tomcat.util.descriptor.web.WebXml.setVersion Unknown version string [4.0]. Default version will be used.
01-Jun-2020 00:05:32.221 INFO [localhost-startStop-143] org.apache.jasper.servlet.TldScanner.scanJars At least one JAR was scanned for TLDs yet contained no TLDs. Enable debug logging for this logger for a complete list of JARs that were scanned but no TLDs were found in them. Skipping unneeded JARs during scanning can improve startup time and JSP compilation time.
01-Jun-2020 00:05:32.225 INFO [localhost-startStop-143] org.apache.catalina.startup.HostConfig.deployWAR Deployment of web application archive [/Users/ufukbarankarakaya94/Desktop/apache-tomcat-8.5.55/webapps/etrolley-1.00.war] has finished in [231] ms
01-Jun-2020 00:14:42.494 INFO [ContainerBackgroundProcessor[StandardEngine[Catalina]]] org.apache.catalina.startup.HostConfig.undeploy Undeploying context [/etrolley-1.00]
01-Jun-2020 00:14:42.499 WARNING [ContainerBackgroundProcessor[StandardEngine[Catalina]]] org.apache.catalina.loader.WebappClassLoaderBase.clearReferencesJdbc The web application [etrolley-1.00] registered the JDBC driver [org.postgresql.Driver] but failed to unregister it when the web application was stopped. To prevent a memory leak, the JDBC Driver has been forcibly unregistered.
01-Jun-2020 00:14:42.506 INFO [localhost-startStop-144] org.apache.catalina.startup.HostConfig.deployWAR Deploying web application archive [/Users/ufukbarankarakaya94/Desktop/apache-tomcat-8.5.55/webapps/etrolley-1.00.war]
01-Jun-2020 00:14:42.575 WARNING [localhost-startStop-144] org.apache.tomcat.util.descriptor.web.WebXml.setVersion Unknown version string [4.0]. Default version will be used.
01-Jun-2020 00:14:42.729 INFO [localhost-startStop-144] org.apache.jasper.servlet.TldScanner.scanJars At least one JAR was scanned for TLDs yet contained no TLDs. Enable debug logging for this logger for a complete list of JARs that were scanned but no TLDs were found in them. Skipping unneeded JARs during scanning can improve startup time and JSP compilation time.
01-Jun-2020 00:14:42.735 INFO [localhost-startStop-144] org.apache.catalina.startup.HostConfig.deployWAR Deployment of web application archive [/Users/ufukbarankarakaya94/Desktop/apache-tomcat-8.5.55/webapps/etrolley-1.00.war] has finished in [229] ms
01-Jun-2020 00:16:12.785 INFO [ContainerBackgroundProcessor[StandardEngine[Catalina]]] org.apache.catalina.startup.HostConfig.undeploy Undeploying context [/etrolley-1.00]
01-Jun-2020 00:16:12.790 WARNING [ContainerBackgroundProcessor[StandardEngine[Catalina]]] org.apache.catalina.loader.WebappClassLoaderBase.clearReferencesJdbc The web application [etrolley-1.00] registered the JDBC driver [org.postgresql.Driver] but failed to unregister it when the web application was stopped. To prevent a memory leak, the JDBC Driver has been forcibly unregistered.
01-Jun-2020 00:16:12.795 INFO [localhost-startStop-145] org.apache.catalina.startup.HostConfig.deployWAR Deploying web application archive [/Users/ufukbarankarakaya94/Desktop/apache-tomcat-8.5.55/webapps/etrolley-1.00.war]
01-Jun-2020 00:16:12.862 WARNING [localhost-startStop-145] org.apache.tomcat.util.descriptor.web.WebXml.setVersion Unknown version string [4.0]. Default version will be used.
01-Jun-2020 00:16:13.008 INFO [localhost-startStop-145] org.apache.jasper.servlet.TldScanner.scanJars At least one JAR was scanned for TLDs yet contained no TLDs. Enable debug logging for this logger for a complete list of JARs that were scanned but no TLDs were found in them. Skipping unneeded JARs during scanning can improve startup time and JSP compilation time.
01-Jun-2020 00:16:13.011 INFO [localhost-startStop-145] org.apache.catalina.startup.HostConfig.deployWAR Deployment of web application archive [/Users/ufukbarankarakaya94/Desktop/apache-tomcat-8.5.55/webapps/etrolley-1.00.war] has finished in [216] ms
01-Jun-2020 00:17:13.042 INFO [ContainerBackgroundProcessor[StandardEngine[Catalina]]] org.apache.catalina.startup.HostConfig.undeploy Undeploying context [/etrolley-1.00]
01-Jun-2020 00:17:13.046 WARNING [ContainerBackgroundProcessor[StandardEngine[Catalina]]] org.apache.catalina.loader.WebappClassLoaderBase.clearReferencesJdbc The web application [etrolley-1.00] registered the JDBC driver [org.postgresql.Driver] but failed to unregister it when the web application was stopped. To prevent a memory leak, the JDBC Driver has been forcibly unregistered.
01-Jun-2020 00:17:13.051 INFO [localhost-startStop-146] org.apache.catalina.startup.HostConfig.deployWAR Deploying web application archive [/Users/ufukbarankarakaya94/Desktop/apache-tomcat-8.5.55/webapps/etrolley-1.00.war]
01-Jun-2020 00:17:13.124 WARNING [localhost-startStop-146] org.apache.tomcat.util.descriptor.web.WebXml.setVersion Unknown version string [4.0]. Default version will be used.
01-Jun-2020 00:17:13.269 INFO [localhost-startStop-146] org.apache.jasper.servlet.TldScanner.scanJars At least one JAR was scanned for TLDs yet contained no TLDs. Enable debug logging for this logger for a complete list of JARs that were scanned but no TLDs were found in them. Skipping unneeded JARs during scanning can improve startup time and JSP compilation time.
01-Jun-2020 00:17:13.273 INFO [localhost-startStop-146] org.apache.catalina.startup.HostConfig.deployWAR Deployment of web application archive [/Users/ufukbarankarakaya94/Desktop/apache-tomcat-8.5.55/webapps/etrolley-1.00.war] has finished in [222] ms
01-Jun-2020 00:26:14.035 INFO [ContainerBackgroundProcessor[StandardEngine[Catalina]]] org.apache.catalina.startup.HostConfig.undeploy Undeploying context [/etrolley-1.00]
01-Jun-2020 00:26:14.042 WARNING [ContainerBackgroundProcessor[StandardEngine[Catalina]]] org.apache.catalina.loader.WebappClassLoaderBase.clearReferencesJdbc The web application [etrolley-1.00] registered the JDBC driver [org.postgresql.Driver] but failed to unregister it when the web application was stopped. To prevent a memory leak, the JDBC Driver has been forcibly unregistered.
01-Jun-2020 00:26:24.052 INFO [localhost-startStop-147] org.apache.catalina.startup.HostConfig.deployWAR Deploying web application archive [/Users/ufukbarankarakaya94/Desktop/apache-tomcat-8.5.55/webapps/etrolley-1.00.war]
01-Jun-2020 00:26:24.123 WARNING [localhost-startStop-147] org.apache.tomcat.util.descriptor.web.WebXml.setVersion Unknown version string [4.0]. Default version will be used.
01-Jun-2020 00:26:24.263 INFO [localhost-startStop-147] org.apache.jasper.servlet.TldScanner.scanJars At least one JAR was scanned for TLDs yet contained no TLDs. Enable debug logging for this logger for a complete list of JARs that were scanned but no TLDs were found in them. Skipping unneeded JARs during scanning can improve startup time and JSP compilation time.
01-Jun-2020 00:26:24.272 INFO [localhost-startStop-147] org.apache.catalina.startup.HostConfig.deployWAR Deployment of web application archive [/Users/ufukbarankarakaya94/Desktop/apache-tomcat-8.5.55/webapps/etrolley-1.00.war] has finished in [220] ms
01-Jun-2020 00:29:04.334 INFO [ContainerBackgroundProcessor[StandardEngine[Catalina]]] org.apache.catalina.startup.HostConfig.undeploy Undeploying context [/etrolley-1.00]
01-Jun-2020 00:29:04.338 WARNING [ContainerBackgroundProcessor[StandardEngine[Catalina]]] org.apache.catalina.loader.WebappClassLoaderBase.clearReferencesJdbc The web application [etrolley-1.00] registered the JDBC driver [org.postgresql.Driver] but failed to unregister it when the web application was stopped. To prevent a memory leak, the JDBC Driver has been forcibly unregistered.
01-Jun-2020 00:29:04.342 INFO [localhost-startStop-148] org.apache.catalina.startup.HostConfig.deployWAR Deploying web application archive [/Users/ufukbarankarakaya94/Desktop/apache-tomcat-8.5.55/webapps/etrolley-1.00.war]
01-Jun-2020 00:29:04.410 WARNING [localhost-startStop-148] org.apache.tomcat.util.descriptor.web.WebXml.setVersion Unknown version string [4.0]. Default version will be used.
01-Jun-2020 00:29:04.558 INFO [localhost-startStop-148] org.apache.jasper.servlet.TldScanner.scanJars At least one JAR was scanned for TLDs yet contained no TLDs. Enable debug logging for this logger for a complete list of JARs that were scanned but no TLDs were found in them. Skipping unneeded JARs during scanning can improve startup time and JSP compilation time.
01-Jun-2020 00:29:04.561 INFO [localhost-startStop-148] org.apache.catalina.startup.HostConfig.deployWAR Deployment of web application archive [/Users/ufukbarankarakaya94/Desktop/apache-tomcat-8.5.55/webapps/etrolley-1.00.war] has finished in [219] ms
01-Jun-2020 00:33:35.184 INFO [ContainerBackgroundProcessor[StandardEngine[Catalina]]] org.apache.catalina.startup.HostConfig.undeploy Undeploying context [/etrolley-1.00]
01-Jun-2020 00:33:35.191 WARNING [ContainerBackgroundProcessor[StandardEngine[Catalina]]] org.apache.catalina.loader.WebappClassLoaderBase.clearReferencesJdbc The web application [etrolley-1.00] registered the JDBC driver [org.postgresql.Driver] but failed to unregister it when the web application was stopped. To prevent a memory leak, the JDBC Driver has been forcibly unregistered.
01-Jun-2020 00:33:55.201 INFO [localhost-startStop-149] org.apache.catalina.startup.HostConfig.deployWAR Deploying web application archive [/Users/ufukbarankarakaya94/Desktop/apache-tomcat-8.5.55/webapps/etrolley-1.00.war]
01-Jun-2020 00:33:55.283 WARNING [localhost-startStop-149] org.apache.tomcat.util.descriptor.web.WebXml.setVersion Unknown version string [4.0]. Default version will be used.
01-Jun-2020 00:33:55.436 INFO [localhost-startStop-149] org.apache.jasper.servlet.TldScanner.scanJars At least one JAR was scanned for TLDs yet contained no TLDs. Enable debug logging for this logger for a complete list of JARs that were scanned but no TLDs were found in them. Skipping unneeded JARs during scanning can improve startup time and JSP compilation time.
01-Jun-2020 00:33:55.440 INFO [localhost-startStop-149] org.apache.catalina.startup.HostConfig.deployWAR Deployment of web application archive [/Users/ufukbarankarakaya94/Desktop/apache-tomcat-8.5.55/webapps/etrolley-1.00.war] has finished in [239] ms
01-Jun-2020 00:34:45.463 INFO [ContainerBackgroundProcessor[StandardEngine[Catalina]]] org.apache.catalina.startup.HostConfig.undeploy Undeploying context [/etrolley-1.00]
01-Jun-2020 00:34:45.469 WARNING [ContainerBackgroundProcessor[StandardEngine[Catalina]]] org.apache.catalina.loader.WebappClassLoaderBase.clearReferencesJdbc The web application [etrolley-1.00] registered the JDBC driver [org.postgresql.Driver] but failed to unregister it when the web application was stopped. To prevent a memory leak, the JDBC Driver has been forcibly unregistered.
01-Jun-2020 00:34:45.473 INFO [localhost-startStop-150] org.apache.catalina.startup.HostConfig.deployWAR Deploying web application archive [/Users/ufukbarankarakaya94/Desktop/apache-tomcat-8.5.55/webapps/etrolley-1.00.war]
01-Jun-2020 00:34:45.555 WARNING [localhost-startStop-150] org.apache.tomcat.util.descriptor.web.WebXml.setVersion Unknown version string [4.0]. Default version will be used.
01-Jun-2020 00:34:45.692 INFO [localhost-startStop-150] org.apache.jasper.servlet.TldScanner.scanJars At least one JAR was scanned for TLDs yet contained no TLDs. Enable debug logging for this logger for a complete list of JARs that were scanned but no TLDs were found in them. Skipping unneeded JARs during scanning can improve startup time and JSP compilation time.
01-Jun-2020 00:34:45.696 INFO [localhost-startStop-150] org.apache.catalina.startup.HostConfig.deployWAR Deployment of web application archive [/Users/ufukbarankarakaya94/Desktop/apache-tomcat-8.5.55/webapps/etrolley-1.00.war] has finished in [223] ms
01-Jun-2020 00:38:15.793 INFO [ContainerBackgroundProcessor[StandardEngine[Catalina]]] org.apache.catalina.startup.HostConfig.undeploy Undeploying context [/etrolley-1.00]
01-Jun-2020 00:38:15.799 WARNING [ContainerBackgroundProcessor[StandardEngine[Catalina]]] org.apache.catalina.loader.WebappClassLoaderBase.clearReferencesJdbc The web application [etrolley-1.00] registered the JDBC driver [org.postgresql.Driver] but failed to unregister it when the web application was stopped. To prevent a memory leak, the JDBC Driver has been forcibly unregistered.
01-Jun-2020 00:38:15.804 INFO [localhost-startStop-151] org.apache.catalina.startup.HostConfig.deployWAR Deploying web application archive [/Users/ufukbarankarakaya94/Desktop/apache-tomcat-8.5.55/webapps/etrolley-1.00.war]
01-Jun-2020 00:38:15.876 WARNING [localhost-startStop-151] org.apache.tomcat.util.descriptor.web.WebXml.setVersion Unknown version string [4.0]. Default version will be used.
01-Jun-2020 00:38:16.025 INFO [localhost-startStop-151] org.apache.jasper.servlet.TldScanner.scanJars At least one JAR was scanned for TLDs yet contained no TLDs. Enable debug logging for this logger for a complete list of JARs that were scanned but no TLDs were found in them. Skipping unneeded JARs during scanning can improve startup time and JSP compilation time.
01-Jun-2020 00:38:16.029 INFO [localhost-startStop-151] org.apache.catalina.startup.HostConfig.deployWAR Deployment of web application archive [/Users/ufukbarankarakaya94/Desktop/apache-tomcat-8.5.55/webapps/etrolley-1.00.war] has finished in [225] ms
01-Jun-2020 00:44:16.225 INFO [ContainerBackgroundProcessor[StandardEngine[Catalina]]] org.apache.catalina.startup.HostConfig.undeploy Undeploying context [/etrolley-1.00]
01-Jun-2020 00:44:16.229 WARNING [ContainerBackgroundProcessor[StandardEngine[Catalina]]] org.apache.catalina.loader.WebappClassLoaderBase.clearReferencesJdbc The web application [etrolley-1.00] registered the JDBC driver [org.postgresql.Driver] but failed to unregister it when the web application was stopped. To prevent a memory leak, the JDBC Driver has been forcibly unregistered.
01-Jun-2020 00:44:16.233 INFO [localhost-startStop-152] org.apache.catalina.startup.HostConfig.deployWAR Deploying web application archive [/Users/ufukbarankarakaya94/Desktop/apache-tomcat-8.5.55/webapps/etrolley-1.00.war]
01-Jun-2020 00:44:16.304 WARNING [localhost-startStop-152] org.apache.tomcat.util.descriptor.web.WebXml.setVersion Unknown version string [4.0]. Default version will be used.
01-Jun-2020 00:44:16.471 INFO [localhost-startStop-152] org.apache.jasper.servlet.TldScanner.scanJars At least one JAR was scanned for TLDs yet contained no TLDs. Enable debug logging for this logger for a complete list of JARs that were scanned but no TLDs were found in them. Skipping unneeded JARs during scanning can improve startup time and JSP compilation time.
01-Jun-2020 00:44:16.475 INFO [localhost-startStop-152] org.apache.catalina.startup.HostConfig.deployWAR Deployment of web application archive [/Users/ufukbarankarakaya94/Desktop/apache-tomcat-8.5.55/webapps/etrolley-1.00.war] has finished in [242] ms
01-Jun-2020 00:54:16.805 INFO [ContainerBackgroundProcessor[StandardEngine[Catalina]]] org.apache.catalina.startup.HostConfig.undeploy Undeploying context [/etrolley-1.00]
01-Jun-2020 00:54:16.809 WARNING [ContainerBackgroundProcessor[StandardEngine[Catalina]]] org.apache.catalina.loader.WebappClassLoaderBase.clearReferencesJdbc The web application [etrolley-1.00] registered the JDBC driver [org.postgresql.Driver] but failed to unregister it when the web application was stopped. To prevent a memory leak, the JDBC Driver has been forcibly unregistered.
01-Jun-2020 00:54:16.815 INFO [localhost-startStop-153] org.apache.catalina.startup.HostConfig.deployWAR Deploying web application archive [/Users/ufukbarankarakaya94/Desktop/apache-tomcat-8.5.55/webapps/etrolley-1.00.war]
01-Jun-2020 00:54:16.884 WARNING [localhost-startStop-153] org.apache.tomcat.util.descriptor.web.WebXml.setVersion Unknown version string [4.0]. Default version will be used.
01-Jun-2020 00:54:17.015 INFO [localhost-startStop-153] org.apache.jasper.servlet.TldScanner.scanJars At least one JAR was scanned for TLDs yet contained no TLDs. Enable debug logging for this logger for a complete list of JARs that were scanned but no TLDs were found in them. Skipping unneeded JARs during scanning can improve startup time and JSP compilation time.
01-Jun-2020 00:54:17.018 INFO [localhost-startStop-153] org.apache.catalina.startup.HostConfig.deployWAR Deployment of web application archive [/Users/ufukbarankarakaya94/Desktop/apache-tomcat-8.5.55/webapps/etrolley-1.00.war] has finished in [203] ms
01-Jun-2020 00:56:17.582 INFO [ContainerBackgroundProcessor[StandardEngine[Catalina]]] org.apache.catalina.startup.HostConfig.undeploy Undeploying context [/etrolley-1.00]
01-Jun-2020 00:56:17.587 WARNING [ContainerBackgroundProcessor[StandardEngine[Catalina]]] org.apache.catalina.loader.WebappClassLoaderBase.clearReferencesJdbc The web application [etrolley-1.00] registered the JDBC driver [org.postgresql.Driver] but failed to unregister it when the web application was stopped. To prevent a memory leak, the JDBC Driver has been forcibly unregistered.
01-Jun-2020 00:56:27.599 INFO [localhost-startStop-154] org.apache.catalina.startup.HostConfig.deployWAR Deploying web application archive [/Users/ufukbarankarakaya94/Desktop/apache-tomcat-8.5.55/webapps/etrolley-1.00.war]
01-Jun-2020 00:56:27.678 WARNING [localhost-startStop-154] org.apache.tomcat.util.descriptor.web.WebXml.setVersion Unknown version string [4.0]. Default version will be used.
01-Jun-2020 00:56:27.811 INFO [localhost-startStop-154] org.apache.jasper.servlet.TldScanner.scanJars At least one JAR was scanned for TLDs yet contained no TLDs. Enable debug logging for this logger for a complete list of JARs that were scanned but no TLDs were found in them. Skipping unneeded JARs during scanning can improve startup time and JSP compilation time.
01-Jun-2020 00:56:27.814 INFO [localhost-startStop-154] org.apache.catalina.startup.HostConfig.deployWAR Deployment of web application archive [/Users/ufukbarankarakaya94/Desktop/apache-tomcat-8.5.55/webapps/etrolley-1.00.war] has finished in [215] ms
01-Jun-2020 00:58:08.363 INFO [ContainerBackgroundProcessor[StandardEngine[Catalina]]] org.apache.catalina.startup.HostConfig.undeploy Undeploying context [/etrolley-1.00]
01-Jun-2020 00:58:08.370 WARNING [ContainerBackgroundProcessor[StandardEngine[Catalina]]] org.apache.catalina.loader.WebappClassLoaderBase.clearReferencesJdbc The web application [etrolley-1.00] registered the JDBC driver [org.postgresql.Driver] but failed to unregister it when the web application was stopped. To prevent a memory leak, the JDBC Driver has been forcibly unregistered.
01-Jun-2020 00:58:18.378 INFO [localhost-startStop-155] org.apache.catalina.startup.HostConfig.deployWAR Deploying web application archive [/Users/ufukbarankarakaya94/Desktop/apache-tomcat-8.5.55/webapps/etrolley-1.00.war]
01-Jun-2020 00:58:18.451 WARNING [localhost-startStop-155] org.apache.tomcat.util.descriptor.web.WebXml.setVersion Unknown version string [4.0]. Default version will be used.
01-Jun-2020 00:58:18.575 INFO [localhost-startStop-155] org.apache.jasper.servlet.TldScanner.scanJars At least one JAR was scanned for TLDs yet contained no TLDs. Enable debug logging for this logger for a complete list of JARs that were scanned but no TLDs were found in them. Skipping unneeded JARs during scanning can improve startup time and JSP compilation time.
01-Jun-2020 00:58:18.580 INFO [localhost-startStop-155] org.apache.catalina.startup.HostConfig.deployWAR Deployment of web application archive [/Users/ufukbarankarakaya94/Desktop/apache-tomcat-8.5.55/webapps/etrolley-1.00.war] has finished in [202] ms
01-Jun-2020 01:00:39.146 INFO [ContainerBackgroundProcessor[StandardEngine[Catalina]]] org.apache.catalina.startup.HostConfig.undeploy Undeploying context [/etrolley-1.00]
01-Jun-2020 01:00:39.154 WARNING [ContainerBackgroundProcessor[StandardEngine[Catalina]]] org.apache.catalina.loader.WebappClassLoaderBase.clearReferencesJdbc The web application [etrolley-1.00] registered the JDBC driver [org.postgresql.Driver] but failed to unregister it when the web application was stopped. To prevent a memory leak, the JDBC Driver has been forcibly unregistered.
01-Jun-2020 01:00:49.161 INFO [localhost-startStop-156] org.apache.catalina.startup.HostConfig.deployWAR Deploying web application archive [/Users/ufukbarankarakaya94/Desktop/apache-tomcat-8.5.55/webapps/etrolley-1.00.war]
01-Jun-2020 01:00:49.256 WARNING [localhost-startStop-156] org.apache.tomcat.util.descriptor.web.WebXml.setVersion Unknown version string [4.0]. Default version will be used.
01-Jun-2020 01:00:49.404 INFO [localhost-startStop-156] org.apache.jasper.servlet.TldScanner.scanJars At least one JAR was scanned for TLDs yet contained no TLDs. Enable debug logging for this logger for a complete list of JARs that were scanned but no TLDs were found in them. Skipping unneeded JARs during scanning can improve startup time and JSP compilation time.
01-Jun-2020 01:00:49.406 INFO [localhost-startStop-156] org.apache.catalina.startup.HostConfig.deployWAR Deployment of web application archive [/Users/ufukbarankarakaya94/Desktop/apache-tomcat-8.5.55/webapps/etrolley-1.00.war] has finished in [245] ms
01-Jun-2020 01:19:26.279 INFO [ContainerBackgroundProcessor[StandardEngine[Catalina]]] org.apache.catalina.startup.HostConfig.undeploy Undeploying context [/etrolley-1.00]
01-Jun-2020 01:19:26.287 WARNING [ContainerBackgroundProcessor[StandardEngine[Catalina]]] org.apache.catalina.loader.WebappClassLoaderBase.clearReferencesJdbc The web application [etrolley-1.00] registered the JDBC driver [org.postgresql.Driver] but failed to unregister it when the web application was stopped. To prevent a memory leak, the JDBC Driver has been forcibly unregistered.
01-Jun-2020 01:19:36.309 INFO [localhost-startStop-157] org.apache.catalina.startup.HostConfig.deployWAR Deploying web application archive [/Users/ufukbarankarakaya94/Desktop/apache-tomcat-8.5.55/webapps/etrolley-1.00.war]
01-Jun-2020 01:19:36.376 WARNING [localhost-startStop-157] org.apache.tomcat.util.descriptor.web.WebXml.setVersion Unknown version string [4.0]. Default version will be used.
01-Jun-2020 01:19:36.544 INFO [localhost-startStop-157] org.apache.jasper.servlet.TldScanner.scanJars At least one JAR was scanned for TLDs yet contained no TLDs. Enable debug logging for this logger for a complete list of JARs that were scanned but no TLDs were found in them. Skipping unneeded JARs during scanning can improve startup time and JSP compilation time.
01-Jun-2020 01:19:36.547 INFO [localhost-startStop-157] org.apache.catalina.startup.HostConfig.deployWAR Deployment of web application archive [/Users/ufukbarankarakaya94/Desktop/apache-tomcat-8.5.55/webapps/etrolley-1.00.war] has finished in [238] ms
01-Jun-2020 01:23:47.156 INFO [ContainerBackgroundProcessor[StandardEngine[Catalina]]] org.apache.catalina.startup.HostConfig.undeploy Undeploying context [/etrolley-1.00]
01-Jun-2020 01:23:47.163 WARNING [ContainerBackgroundProcessor[StandardEngine[Catalina]]] org.apache.catalina.loader.WebappClassLoaderBase.clearReferencesJdbc The web application [etrolley-1.00] registered the JDBC driver [org.postgresql.Driver] but failed to unregister it when the web application was stopped. To prevent a memory leak, the JDBC Driver has been forcibly unregistered.
01-Jun-2020 01:24:07.173 INFO [localhost-startStop-158] org.apache.catalina.startup.HostConfig.deployWAR Deploying web application archive [/Users/ufukbarankarakaya94/Desktop/apache-tomcat-8.5.55/webapps/etrolley-1.00.war]
01-Jun-2020 01:24:07.261 WARNING [localhost-startStop-158] org.apache.tomcat.util.descriptor.web.WebXml.setVersion Unknown version string [4.0]. Default version will be used.
01-Jun-2020 01:24:07.425 INFO [localhost-startStop-158] org.apache.jasper.servlet.TldScanner.scanJars At least one JAR was scanned for TLDs yet contained no TLDs. Enable debug logging for this logger for a complete list of JARs that were scanned but no TLDs were found in them. Skipping unneeded JARs during scanning can improve startup time and JSP compilation time.
01-Jun-2020 01:24:07.429 INFO [localhost-startStop-158] org.apache.catalina.startup.HostConfig.deployWAR Deployment of web application archive [/Users/ufukbarankarakaya94/Desktop/apache-tomcat-8.5.55/webapps/etrolley-1.00.war] has finished in [256] ms
01-Jun-2020 01:24:47.956 INFO [ContainerBackgroundProcessor[StandardEngine[Catalina]]] org.apache.catalina.startup.HostConfig.undeploy Undeploying context [/etrolley-1.00]
01-Jun-2020 01:24:47.961 WARNING [ContainerBackgroundProcessor[StandardEngine[Catalina]]] org.apache.catalina.loader.WebappClassLoaderBase.clearReferencesJdbc The web application [etrolley-1.00] registered the JDBC driver [org.postgresql.Driver] but failed to unregister it when the web application was stopped. To prevent a memory leak, the JDBC Driver has been forcibly unregistered.
01-Jun-2020 01:24:57.984 INFO [localhost-startStop-159] org.apache.catalina.startup.HostConfig.deployWAR Deploying web application archive [/Users/ufukbarankarakaya94/Desktop/apache-tomcat-8.5.55/webapps/etrolley-1.00.war]
01-Jun-2020 01:24:58.058 WARNING [localhost-startStop-159] org.apache.tomcat.util.descriptor.web.WebXml.setVersion Unknown version string [4.0]. Default version will be used.
01-Jun-2020 01:24:58.185 INFO [localhost-startStop-159] org.apache.jasper.servlet.TldScanner.scanJars At least one JAR was scanned for TLDs yet contained no TLDs. Enable debug logging for this logger for a complete list of JARs that were scanned but no TLDs were found in them. Skipping unneeded JARs during scanning can improve startup time and JSP compilation time.
01-Jun-2020 01:24:58.188 INFO [localhost-startStop-159] org.apache.catalina.startup.HostConfig.deployWAR Deployment of web application archive [/Users/ufukbarankarakaya94/Desktop/apache-tomcat-8.5.55/webapps/etrolley-1.00.war] has finished in [204] ms
01-Jun-2020 01:27:28.250 INFO [ContainerBackgroundProcessor[StandardEngine[Catalina]]] org.apache.catalina.startup.HostConfig.undeploy Undeploying context [/etrolley-1.00]
01-Jun-2020 01:27:28.255 WARNING [ContainerBackgroundProcessor[StandardEngine[Catalina]]] org.apache.catalina.loader.WebappClassLoaderBase.clearReferencesJdbc The web application [etrolley-1.00] registered the JDBC driver [org.postgresql.Driver] but failed to unregister it when the web application was stopped. To prevent a memory leak, the JDBC Driver has been forcibly unregistered.
01-Jun-2020 01:27:28.259 INFO [localhost-startStop-160] org.apache.catalina.startup.HostConfig.deployWAR Deploying web application archive [/Users/ufukbarankarakaya94/Desktop/apache-tomcat-8.5.55/webapps/etrolley-1.00.war]
01-Jun-2020 01:27:28.329 WARNING [localhost-startStop-160] org.apache.tomcat.util.descriptor.web.WebXml.setVersion Unknown version string [4.0]. Default version will be used.
01-Jun-2020 01:27:28.465 INFO [localhost-startStop-160] org.apache.jasper.servlet.TldScanner.scanJars At least one JAR was scanned for TLDs yet contained no TLDs. Enable debug logging for this logger for a complete list of JARs that were scanned but no TLDs were found in them. Skipping unneeded JARs during scanning can improve startup time and JSP compilation time.
01-Jun-2020 01:27:28.469 INFO [localhost-startStop-160] org.apache.catalina.startup.HostConfig.deployWAR Deployment of web application archive [/Users/ufukbarankarakaya94/Desktop/apache-tomcat-8.5.55/webapps/etrolley-1.00.war] has finished in [210] ms
01-Jun-2020 01:28:08.490 INFO [ContainerBackgroundProcessor[StandardEngine[Catalina]]] org.apache.catalina.startup.HostConfig.undeploy Undeploying context [/etrolley-1.00]
01-Jun-2020 01:28:08.493 WARNING [ContainerBackgroundProcessor[StandardEngine[Catalina]]] org.apache.catalina.loader.WebappClassLoaderBase.clearReferencesJdbc The web application [etrolley-1.00] registered the JDBC driver [org.postgresql.Driver] but failed to unregister it when the web application was stopped. To prevent a memory leak, the JDBC Driver has been forcibly unregistered.
01-Jun-2020 01:28:08.498 INFO [localhost-startStop-161] org.apache.catalina.startup.HostConfig.deployWAR Deploying web application archive [/Users/ufukbarankarakaya94/Desktop/apache-tomcat-8.5.55/webapps/etrolley-1.00.war]
01-Jun-2020 01:28:08.584 WARNING [localhost-startStop-161] org.apache.tomcat.util.descriptor.web.WebXml.setVersion Unknown version string [4.0]. Default version will be used.
01-Jun-2020 01:28:08.719 INFO [localhost-startStop-161] org.apache.jasper.servlet.TldScanner.scanJars At least one JAR was scanned for TLDs yet contained no TLDs. Enable debug logging for this logger for a complete list of JARs that were scanned but no TLDs were found in them. Skipping unneeded JARs during scanning can improve startup time and JSP compilation time.
01-Jun-2020 01:28:08.722 INFO [localhost-startStop-161] org.apache.catalina.startup.HostConfig.deployWAR Deployment of web application archive [/Users/ufukbarankarakaya94/Desktop/apache-tomcat-8.5.55/webapps/etrolley-1.00.war] has finished in [224] ms
01-Jun-2020 01:29:18.757 INFO [ContainerBackgroundProcessor[StandardEngine[Catalina]]] org.apache.catalina.startup.HostConfig.undeploy Undeploying context [/etrolley-1.00]
01-Jun-2020 01:29:18.762 WARNING [ContainerBackgroundProcessor[StandardEngine[Catalina]]] org.apache.catalina.loader.WebappClassLoaderBase.clearReferencesJdbc The web application [etrolley-1.00] registered the JDBC driver [org.postgresql.Driver] but failed to unregister it when the web application was stopped. To prevent a memory leak, the JDBC Driver has been forcibly unregistered.
01-Jun-2020 01:29:18.766 INFO [localhost-startStop-162] org.apache.catalina.startup.HostConfig.deployWAR Deploying web application archive [/Users/ufukbarankarakaya94/Desktop/apache-tomcat-8.5.55/webapps/etrolley-1.00.war]
01-Jun-2020 01:29:18.842 WARNING [localhost-startStop-162] org.apache.tomcat.util.descriptor.web.WebXml.setVersion Unknown version string [4.0]. Default version will be used.
01-Jun-2020 01:29:18.966 INFO [localhost-startStop-162] org.apache.jasper.servlet.TldScanner.scanJars At least one JAR was scanned for TLDs yet contained no TLDs. Enable debug logging for this logger for a complete list of JARs that were scanned but no TLDs were found in them. Skipping unneeded JARs during scanning can improve startup time and JSP compilation time.
01-Jun-2020 01:29:18.978 INFO [localhost-startStop-162] org.apache.catalina.startup.HostConfig.deployWAR Deployment of web application archive [/Users/ufukbarankarakaya94/Desktop/apache-tomcat-8.5.55/webapps/etrolley-1.00.war] has finished in [212] ms
01-Jun-2020 14:53:43.860 INFO [ContainerBackgroundProcessor[StandardEngine[Catalina]]] org.apache.catalina.startup.HostConfig.undeploy Undeploying context [/etrolley-1.00]
01-Jun-2020 14:53:43.905 WARNING [ContainerBackgroundProcessor[StandardEngine[Catalina]]] org.apache.catalina.loader.WebappClassLoaderBase.clearReferencesJdbc The web application [etrolley-1.00] registered the JDBC driver [org.postgresql.Driver] but failed to unregister it when the web application was stopped. To prevent a memory leak, the JDBC Driver has been forcibly unregistered.
01-Jun-2020 14:53:53.929 INFO [localhost-startStop-163] org.apache.catalina.startup.HostConfig.deployWAR Deploying web application archive [/Users/ufukbarankarakaya94/Desktop/apache-tomcat-8.5.55/webapps/etrolley-1.00.war]
01-Jun-2020 14:53:54.047 WARNING [localhost-startStop-163] org.apache.tomcat.util.descriptor.web.WebXml.setVersion Unknown version string [4.0]. Default version will be used.
01-Jun-2020 14:53:54.327 INFO [localhost-startStop-163] org.apache.jasper.servlet.TldScanner.scanJars At least one JAR was scanned for TLDs yet contained no TLDs. Enable debug logging for this logger for a complete list of JARs that were scanned but no TLDs were found in them. Skipping unneeded JARs during scanning can improve startup time and JSP compilation time.
01-Jun-2020 14:53:54.396 INFO [localhost-startStop-163] org.apache.catalina.startup.HostConfig.deployWAR Deployment of web application archive [/Users/ufukbarankarakaya94/Desktop/apache-tomcat-8.5.55/webapps/etrolley-1.00.war] has finished in [467] ms
01-Jun-2020 14:54:13.581 INFO [main] org.apache.catalina.startup.VersionLoggerListener.log Server version name:   Apache Tomcat/8.5.55
01-Jun-2020 14:54:13.584 INFO [main] org.apache.catalina.startup.VersionLoggerListener.log Server built:          May 5 2020 22:10:54 UTC
01-Jun-2020 14:54:13.584 INFO [main] org.apache.catalina.startup.VersionLoggerListener.log Server version number: 8.5.55.0
01-Jun-2020 14:54:13.584 INFO [main] org.apache.catalina.startup.VersionLoggerListener.log OS Name:               Mac OS X
01-Jun-2020 14:54:13.584 INFO [main] org.apache.catalina.startup.VersionLoggerListener.log OS Version:            10.15.5
01-Jun-2020 14:54:13.585 INFO [main] org.apache.catalina.startup.VersionLoggerListener.log Architecture:          x86_64
01-Jun-2020 14:54:13.585 INFO [main] org.apache.catalina.startup.VersionLoggerListener.log Java Home:             /Library/Java/JavaVirtualMachines/jdk-13.0.2.jdk/Contents/Home
01-Jun-2020 14:54:13.585 INFO [main] org.apache.catalina.startup.VersionLoggerListener.log JVM Version:           13.0.2+8
01-Jun-2020 14:54:13.585 INFO [main] org.apache.catalina.startup.VersionLoggerListener.log JVM Vendor:            Oracle Corporation
01-Jun-2020 14:54:13.585 INFO [main] org.apache.catalina.startup.VersionLoggerListener.log CATALINA_BASE:         /Users/ufukbarankarakaya94/Desktop/apache-tomcat-8.5.55
01-Jun-2020 14:54:13.585 INFO [main] org.apache.catalina.startup.VersionLoggerListener.log CATALINA_HOME:         /Users/ufukbarankarakaya94/Desktop/apache-tomcat-8.5.55
01-Jun-2020 14:54:13.587 INFO [main] org.apache.catalina.startup.VersionLoggerListener.log Command line argument: --add-opens=java.base/java.lang=ALL-UNNAMED
01-Jun-2020 14:54:13.587 INFO [main] org.apache.catalina.startup.VersionLoggerListener.log Command line argument: --add-opens=java.base/java.io=ALL-UNNAMED
01-Jun-2020 14:54:13.587 INFO [main] org.apache.catalina.startup.VersionLoggerListener.log Command line argument: --add-opens=java.rmi/sun.rmi.transport=ALL-UNNAMED
01-Jun-2020 14:54:13.587 INFO [main] org.apache.catalina.startup.VersionLoggerListener.log Command line argument: -Djava.util.logging.config.file=/Users/ufukbarankarakaya94/Desktop/apache-tomcat-8.5.55/conf/logging.properties
01-Jun-2020 14:54:13.588 INFO [main] org.apache.catalina.startup.VersionLoggerListener.log Command line argument: -Djava.util.logging.manager=org.apache.juli.ClassLoaderLogManager
01-Jun-2020 14:54:13.588 INFO [main] org.apache.catalina.startup.VersionLoggerListener.log Command line argument: -Djdk.tls.ephemeralDHKeySize=2048
01-Jun-2020 14:54:13.588 INFO [main] org.apache.catalina.startup.VersionLoggerListener.log Command line argument: -Djava.protocol.handler.pkgs=org.apache.catalina.webresources
01-Jun-2020 14:54:13.588 INFO [main] org.apache.catalina.startup.VersionLoggerListener.log Command line argument: -Dorg.apache.catalina.security.SecurityListener.UMASK=0027
01-Jun-2020 14:54:13.588 INFO [main] org.apache.catalina.startup.VersionLoggerListener.log Command line argument: -Dignore.endorsed.dirs=
01-Jun-2020 14:54:13.588 INFO [main] org.apache.catalina.startup.VersionLoggerListener.log Command line argument: -Dcatalina.base=/Users/ufukbarankarakaya94/Desktop/apache-tomcat-8.5.55
01-Jun-2020 14:54:13.589 INFO [main] org.apache.catalina.startup.VersionLoggerListener.log Command line argument: -Dcatalina.home=/Users/ufukbarankarakaya94/Desktop/apache-tomcat-8.5.55
01-Jun-2020 14:54:13.589 INFO [main] org.apache.catalina.startup.VersionLoggerListener.log Command line argument: -Djava.io.tmpdir=/Users/ufukbarankarakaya94/Desktop/apache-tomcat-8.5.55/temp
01-Jun-2020 14:54:13.589 INFO [main] org.apache.catalina.core.AprLifecycleListener.lifecycleEvent The Apache Tomcat Native library which allows using OpenSSL was not found on the java.library.path: [/Users/ufukbarankarakaya94/Library/Java/Extensions:/Library/Java/Extensions:/Network/Library/Java/Extensions:/System/Library/Java/Extensions:/usr/lib/java:.]
01-Jun-2020 14:54:13.623 INFO [main] org.apache.coyote.AbstractProtocol.init Initializing ProtocolHandler ["http-nio-8080"]
01-Jun-2020 14:54:13.648 SEVERE [main] org.apache.catalina.core.StandardService.initInternal Failed to initialize connector [Connector[HTTP/1.1-8080]]
	org.apache.catalina.LifecycleException: Protocol handler initialization failed
		at org.apache.catalina.connector.Connector.initInternal(Connector.java:1068)
		at org.apache.catalina.util.LifecycleBase.init(LifecycleBase.java:136)
		at org.apache.catalina.core.StandardService.initInternal(StandardService.java:552)
		at org.apache.catalina.util.LifecycleBase.init(LifecycleBase.java:136)
		at org.apache.catalina.core.StandardServer.initInternal(StandardServer.java:848)
		at org.apache.catalina.util.LifecycleBase.init(LifecycleBase.java:136)
		at org.apache.catalina.startup.Catalina.load(Catalina.java:639)
		at org.apache.catalina.startup.Catalina.load(Catalina.java:662)
		at java.base/jdk.internal.reflect.NativeMethodAccessorImpl.invoke0(Native Method)
		at java.base/jdk.internal.reflect.NativeMethodAccessorImpl.invoke(NativeMethodAccessorImpl.java:62)
		at java.base/jdk.internal.reflect.DelegatingMethodAccessorImpl.invoke(DelegatingMethodAccessorImpl.java:43)
		at java.base/java.lang.reflect.Method.invoke(Method.java:567)
		at org.apache.catalina.startup.Bootstrap.load(Bootstrap.java:303)
		at org.apache.catalina.startup.Bootstrap.main(Bootstrap.java:473)
	Caused by: java.net.BindException: Address already in use
		at java.base/sun.nio.ch.Net.bind0(Native Method)
		at java.base/sun.nio.ch.Net.bind(Net.java:469)
		at java.base/sun.nio.ch.Net.bind(Net.java:458)
		at java.base/sun.nio.ch.ServerSocketChannelImpl.bind(ServerSocketChannelImpl.java:220)
		at java.base/sun.nio.ch.ServerSocketAdaptor.bind(ServerSocketAdaptor.java:88)
		at org.apache.tomcat.util.net.NioEndpoint.bind(NioEndpoint.java:221)
		at org.apache.tomcat.util.net.AbstractEndpoint.init(AbstractEndpoint.java:1118)
		at org.apache.tomcat.util.net.AbstractJsseEndpoint.init(AbstractJsseEndpoint.java:222)
		at org.apache.coyote.AbstractProtocol.init(AbstractProtocol.java:587)
		at org.apache.coyote.http11.AbstractHttp11Protocol.init(AbstractHttp11Protocol.java:74)
		at org.apache.catalina.connector.Connector.initInternal(Connector.java:1066)
		... 13 more
01-Jun-2020 14:54:13.649 INFO [main] org.apache.catalina.startup.Catalina.load Initialization processed in 452 ms
01-Jun-2020 14:54:13.680 INFO [main] org.apache.catalina.core.StandardService.startInternal Starting service [Catalina]
01-Jun-2020 14:54:13.680 INFO [main] org.apache.catalina.core.StandardEngine.startInternal Starting Servlet Engine: Apache Tomcat/8.5.55
01-Jun-2020 14:54:13.699 INFO [localhost-startStop-1] org.apache.catalina.startup.HostConfig.deployWAR Deploying web application archive [/Users/ufukbarankarakaya94/Desktop/apache-tomcat-8.5.55/webapps/etrolley-1.00.war]
01-Jun-2020 14:54:13.799 WARNING [localhost-startStop-1] org.apache.tomcat.util.descriptor.web.WebXml.setVersion Unknown version string [4.0]. Default version will be used.
01-Jun-2020 14:54:13.992 WARNING [localhost-startStop-1] org.apache.tomcat.jdbc.pool.ConnectionPool.checkPoolConfiguration maxIdle is larger than maxActive, setting maxIdle to: 10
01-Jun-2020 14:54:14.176 INFO [localhost-startStop-1] org.apache.jasper.servlet.TldScanner.scanJars At least one JAR was scanned for TLDs yet contained no TLDs. Enable debug logging for this logger for a complete list of JARs that were scanned but no TLDs were found in them. Skipping unneeded JARs during scanning can improve startup time and JSP compilation time.
01-Jun-2020 14:54:14.213 INFO [localhost-startStop-1] org.apache.catalina.startup.HostConfig.deployWAR Deployment of web application archive [/Users/ufukbarankarakaya94/Desktop/apache-tomcat-8.5.55/webapps/etrolley-1.00.war] has finished in [515] ms
01-Jun-2020 14:54:14.215 INFO [localhost-startStop-1] org.apache.catalina.startup.HostConfig.deployDirectory Deploying web application directory [/Users/ufukbarankarakaya94/Desktop/apache-tomcat-8.5.55/webapps/docs]
01-Jun-2020 14:54:14.232 INFO [localhost-startStop-1] org.apache.catalina.startup.HostConfig.deployDirectory Deployment of web application directory [/Users/ufukbarankarakaya94/Desktop/apache-tomcat-8.5.55/webapps/docs] has finished in [16] ms
01-Jun-2020 14:54:14.232 INFO [localhost-startStop-1] org.apache.catalina.startup.HostConfig.deployDirectory Deploying web application directory [/Users/ufukbarankarakaya94/Desktop/apache-tomcat-8.5.55/webapps/manager]
01-Jun-2020 14:54:14.258 INFO [localhost-startStop-1] org.apache.catalina.startup.HostConfig.deployDirectory Deployment of web application directory [/Users/ufukbarankarakaya94/Desktop/apache-tomcat-8.5.55/webapps/manager] has finished in [25] ms
01-Jun-2020 14:54:14.258 INFO [localhost-startStop-1] org.apache.catalina.startup.HostConfig.deployDirectory Deploying web application directory [/Users/ufukbarankarakaya94/Desktop/apache-tomcat-8.5.55/webapps/examples]
01-Jun-2020 14:54:14.429 INFO [localhost-startStop-1] org.apache.catalina.startup.HostConfig.deployDirectory Deployment of web application directory [/Users/ufukbarankarakaya94/Desktop/apache-tomcat-8.5.55/webapps/examples] has finished in [170] ms
01-Jun-2020 14:54:14.429 INFO [localhost-startStop-1] org.apache.catalina.startup.HostConfig.deployDirectory Deploying web application directory [/Users/ufukbarankarakaya94/Desktop/apache-tomcat-8.5.55/webapps/ROOT]
01-Jun-2020 14:54:14.443 INFO [localhost-startStop-1] org.apache.catalina.startup.HostConfig.deployDirectory Deployment of web application directory [/Users/ufukbarankarakaya94/Desktop/apache-tomcat-8.5.55/webapps/ROOT] has finished in [14] ms
01-Jun-2020 14:54:14.443 INFO [localhost-startStop-1] org.apache.catalina.startup.HostConfig.deployDirectory Deploying web application directory [/Users/ufukbarankarakaya94/Desktop/apache-tomcat-8.5.55/webapps/host-manager]
01-Jun-2020 14:54:14.461 INFO [localhost-startStop-1] org.apache.catalina.startup.HostConfig.deployDirectory Deployment of web application directory [/Users/ufukbarankarakaya94/Desktop/apache-tomcat-8.5.55/webapps/host-manager] has finished in [17] ms
01-Jun-2020 14:54:14.465 INFO [main] org.apache.catalina.startup.Catalina.start Server startup in 815 ms
01-Jun-2020 14:54:14.469 SEVERE [main] org.apache.catalina.core.StandardServer.await StandardServer.await: create[localhost:8005]: 
	java.net.BindException: Address already in use
		at java.base/sun.nio.ch.Net.bind0(Native Method)
		at java.base/sun.nio.ch.Net.bind(Net.java:469)
		at java.base/sun.nio.ch.Net.bind(Net.java:458)
		at java.base/sun.nio.ch.NioSocketImpl.bind(NioSocketImpl.java:643)
		at java.base/java.net.ServerSocket.bind(ServerSocket.java:374)
		at java.base/java.net.ServerSocket.<init>(ServerSocket.java:260)
		at org.apache.catalina.core.StandardServer.await(StandardServer.java:421)
		at org.apache.catalina.startup.Catalina.await(Catalina.java:776)
		at org.apache.catalina.startup.Catalina.start(Catalina.java:722)
		at java.base/jdk.internal.reflect.NativeMethodAccessorImpl.invoke0(Native Method)
		at java.base/jdk.internal.reflect.NativeMethodAccessorImpl.invoke(NativeMethodAccessorImpl.java:62)
		at java.base/jdk.internal.reflect.DelegatingMethodAccessorImpl.invoke(DelegatingMethodAccessorImpl.java:43)
		at java.base/java.lang.reflect.Method.invoke(Method.java:567)
		at org.apache.catalina.startup.Bootstrap.start(Bootstrap.java:343)
		at org.apache.catalina.startup.Bootstrap.main(Bootstrap.java:474)
01-Jun-2020 14:54:14.470 INFO [main] org.apache.coyote.AbstractProtocol.pause Pausing ProtocolHandler ["http-nio-8080"]
01-Jun-2020 14:54:14.470 INFO [main] org.apache.catalina.core.StandardService.stopInternal Stopping service [Catalina]
01-Jun-2020 14:54:14.492 WARNING [localhost-startStop-1] org.apache.catalina.loader.WebappClassLoaderBase.clearReferencesJdbc The web application [etrolley-1.00] registered the JDBC driver [org.postgresql.Driver] but failed to unregister it when the web application was stopped. To prevent a memory leak, the JDBC Driver has been forcibly unregistered.
01-Jun-2020 14:54:14.498 INFO [main] org.apache.coyote.AbstractProtocol.stop Stopping ProtocolHandler ["http-nio-8080"]
01-Jun-2020 14:54:14.498 INFO [main] org.apache.coyote.AbstractProtocol.destroy Destroying ProtocolHandler ["http-nio-8080"]
01-Jun-2020 15:05:15.239 INFO [ContainerBackgroundProcessor[StandardEngine[Catalina]]] org.apache.catalina.startup.HostConfig.undeploy Undeploying context [/etrolley-1.00]
01-Jun-2020 15:05:15.248 WARNING [ContainerBackgroundProcessor[StandardEngine[Catalina]]] org.apache.catalina.loader.WebappClassLoaderBase.clearReferencesJdbc The web application [etrolley-1.00] registered the JDBC driver [org.postgresql.Driver] but failed to unregister it when the web application was stopped. To prevent a memory leak, the JDBC Driver has been forcibly unregistered.
01-Jun-2020 15:05:35.262 INFO [localhost-startStop-164] org.apache.catalina.startup.HostConfig.deployWAR Deploying web application archive [/Users/ufukbarankarakaya94/Desktop/apache-tomcat-8.5.55/webapps/etrolley-1.00.war]
01-Jun-2020 15:05:35.335 WARNING [localhost-startStop-164] org.apache.tomcat.util.descriptor.web.WebXml.setVersion Unknown version string [4.0]. Default version will be used.
01-Jun-2020 15:05:35.503 INFO [localhost-startStop-164] org.apache.jasper.servlet.TldScanner.scanJars At least one JAR was scanned for TLDs yet contained no TLDs. Enable debug logging for this logger for a complete list of JARs that were scanned but no TLDs were found in them. Skipping unneeded JARs during scanning can improve startup time and JSP compilation time.
01-Jun-2020 15:05:35.506 INFO [localhost-startStop-164] org.apache.catalina.startup.HostConfig.deployWAR Deployment of web application archive [/Users/ufukbarankarakaya94/Desktop/apache-tomcat-8.5.55/webapps/etrolley-1.00.war] has finished in [244] ms
01-Jun-2020 15:09:06.105 INFO [ContainerBackgroundProcessor[StandardEngine[Catalina]]] org.apache.catalina.startup.HostConfig.undeploy Undeploying context [/etrolley-1.00]
01-Jun-2020 15:09:06.108 WARNING [ContainerBackgroundProcessor[StandardEngine[Catalina]]] org.apache.catalina.loader.WebappClassLoaderBase.clearReferencesJdbc The web application [etrolley-1.00] registered the JDBC driver [org.postgresql.Driver] but failed to unregister it when the web application was stopped. To prevent a memory leak, the JDBC Driver has been forcibly unregistered.
01-Jun-2020 15:09:16.126 INFO [localhost-startStop-165] org.apache.catalina.startup.HostConfig.deployWAR Deploying web application archive [/Users/ufukbarankarakaya94/Desktop/apache-tomcat-8.5.55/webapps/etrolley-1.00.war]
01-Jun-2020 15:09:16.205 WARNING [localhost-startStop-165] org.apache.tomcat.util.descriptor.web.WebXml.setVersion Unknown version string [4.0]. Default version will be used.
01-Jun-2020 15:09:16.352 INFO [localhost-startStop-165] org.apache.jasper.servlet.TldScanner.scanJars At least one JAR was scanned for TLDs yet contained no TLDs. Enable debug logging for this logger for a complete list of JARs that were scanned but no TLDs were found in them. Skipping unneeded JARs during scanning can improve startup time and JSP compilation time.
01-Jun-2020 15:09:16.364 INFO [localhost-startStop-165] org.apache.catalina.startup.HostConfig.deployWAR Deployment of web application archive [/Users/ufukbarankarakaya94/Desktop/apache-tomcat-8.5.55/webapps/etrolley-1.00.war] has finished in [238] ms
01-Jun-2020 15:14:37.010 INFO [ContainerBackgroundProcessor[StandardEngine[Catalina]]] org.apache.catalina.startup.HostConfig.undeploy Undeploying context [/etrolley-1.00]
01-Jun-2020 15:14:37.014 WARNING [ContainerBackgroundProcessor[StandardEngine[Catalina]]] org.apache.catalina.loader.WebappClassLoaderBase.clearReferencesJdbc The web application [etrolley-1.00] registered the JDBC driver [org.postgresql.Driver] but failed to unregister it when the web application was stopped. To prevent a memory leak, the JDBC Driver has been forcibly unregistered.
01-Jun-2020 15:15:07.030 INFO [localhost-startStop-166] org.apache.catalina.startup.HostConfig.deployWAR Deploying web application archive [/Users/ufukbarankarakaya94/Desktop/apache-tomcat-8.5.55/webapps/etrolley-1.00.war]
01-Jun-2020 15:15:07.097 WARNING [localhost-startStop-166] org.apache.tomcat.util.descriptor.web.WebXml.setVersion Unknown version string [4.0]. Default version will be used.
01-Jun-2020 15:15:07.218 INFO [localhost-startStop-166] org.apache.jasper.servlet.TldScanner.scanJars At least one JAR was scanned for TLDs yet contained no TLDs. Enable debug logging for this logger for a complete list of JARs that were scanned but no TLDs were found in them. Skipping unneeded JARs during scanning can improve startup time and JSP compilation time.
01-Jun-2020 15:15:07.221 INFO [localhost-startStop-166] org.apache.catalina.startup.HostConfig.deployWAR Deployment of web application archive [/Users/ufukbarankarakaya94/Desktop/apache-tomcat-8.5.55/webapps/etrolley-1.00.war] has finished in [191] ms
01-Jun-2020 15:19:57.397 INFO [ContainerBackgroundProcessor[StandardEngine[Catalina]]] org.apache.catalina.startup.HostConfig.undeploy Undeploying context [/etrolley-1.00]
01-Jun-2020 15:19:57.401 WARNING [ContainerBackgroundProcessor[StandardEngine[Catalina]]] org.apache.catalina.loader.WebappClassLoaderBase.clearReferencesJdbc The web application [etrolley-1.00] registered the JDBC driver [org.postgresql.Driver] but failed to unregister it when the web application was stopped. To prevent a memory leak, the JDBC Driver has been forcibly unregistered.
01-Jun-2020 15:19:57.406 INFO [localhost-startStop-167] org.apache.catalina.startup.HostConfig.deployWAR Deploying web application archive [/Users/ufukbarankarakaya94/Desktop/apache-tomcat-8.5.55/webapps/etrolley-1.00.war]
01-Jun-2020 15:19:57.488 WARNING [localhost-startStop-167] org.apache.tomcat.util.descriptor.web.WebXml.setVersion Unknown version string [4.0]. Default version will be used.
01-Jun-2020 15:19:57.607 INFO [localhost-startStop-167] org.apache.jasper.servlet.TldScanner.scanJars At least one JAR was scanned for TLDs yet contained no TLDs. Enable debug logging for this logger for a complete list of JARs that were scanned but no TLDs were found in them. Skipping unneeded JARs during scanning can improve startup time and JSP compilation time.
01-Jun-2020 15:19:57.610 INFO [localhost-startStop-167] org.apache.catalina.startup.HostConfig.deployWAR Deployment of web application archive [/Users/ufukbarankarakaya94/Desktop/apache-tomcat-8.5.55/webapps/etrolley-1.00.war] has finished in [204] ms
01-Jun-2020 15:23:57.743 INFO [ContainerBackgroundProcessor[StandardEngine[Catalina]]] org.apache.catalina.startup.HostConfig.undeploy Undeploying context [/etrolley-1.00]
01-Jun-2020 15:23:57.748 WARNING [ContainerBackgroundProcessor[StandardEngine[Catalina]]] org.apache.catalina.loader.WebappClassLoaderBase.clearReferencesJdbc The web application [etrolley-1.00] registered the JDBC driver [org.postgresql.Driver] but failed to unregister it when the web application was stopped. To prevent a memory leak, the JDBC Driver has been forcibly unregistered.
01-Jun-2020 15:23:57.755 INFO [localhost-startStop-168] org.apache.catalina.startup.HostConfig.deployWAR Deploying web application archive [/Users/ufukbarankarakaya94/Desktop/apache-tomcat-8.5.55/webapps/etrolley-1.00.war]
01-Jun-2020 15:23:57.825 WARNING [localhost-startStop-168] org.apache.tomcat.util.descriptor.web.WebXml.setVersion Unknown version string [4.0]. Default version will be used.
01-Jun-2020 15:23:57.963 INFO [localhost-startStop-168] org.apache.jasper.servlet.TldScanner.scanJars At least one JAR was scanned for TLDs yet contained no TLDs. Enable debug logging for this logger for a complete list of JARs that were scanned but no TLDs were found in them. Skipping unneeded JARs during scanning can improve startup time and JSP compilation time.
01-Jun-2020 15:23:57.967 INFO [localhost-startStop-168] org.apache.catalina.startup.HostConfig.deployWAR Deployment of web application archive [/Users/ufukbarankarakaya94/Desktop/apache-tomcat-8.5.55/webapps/etrolley-1.00.war] has finished in [211] ms
01-Jun-2020 15:29:08.622 INFO [ContainerBackgroundProcessor[StandardEngine[Catalina]]] org.apache.catalina.startup.HostConfig.undeploy Undeploying context [/etrolley-1.00]
01-Jun-2020 15:29:08.628 WARNING [ContainerBackgroundProcessor[StandardEngine[Catalina]]] org.apache.catalina.loader.WebappClassLoaderBase.clearReferencesJdbc The web application [etrolley-1.00] registered the JDBC driver [org.postgresql.Driver] but failed to unregister it when the web application was stopped. To prevent a memory leak, the JDBC Driver has been forcibly unregistered.
01-Jun-2020 15:29:18.634 INFO [localhost-startStop-169] org.apache.catalina.startup.HostConfig.deployWAR Deploying web application archive [/Users/ufukbarankarakaya94/Desktop/apache-tomcat-8.5.55/webapps/etrolley-1.00.war]
01-Jun-2020 15:29:18.703 WARNING [localhost-startStop-169] org.apache.tomcat.util.descriptor.web.WebXml.setVersion Unknown version string [4.0]. Default version will be used.
01-Jun-2020 15:29:18.835 INFO [localhost-startStop-169] org.apache.jasper.servlet.TldScanner.scanJars At least one JAR was scanned for TLDs yet contained no TLDs. Enable debug logging for this logger for a complete list of JARs that were scanned but no TLDs were found in them. Skipping unneeded JARs during scanning can improve startup time and JSP compilation time.
01-Jun-2020 15:29:18.838 INFO [localhost-startStop-169] org.apache.catalina.startup.HostConfig.deployWAR Deployment of web application archive [/Users/ufukbarankarakaya94/Desktop/apache-tomcat-8.5.55/webapps/etrolley-1.00.war] has finished in [204] ms
01-Jun-2020 15:57:13.577 INFO [ContainerBackgroundProcessor[StandardEngine[Catalina]]] org.apache.catalina.startup.HostConfig.undeploy Undeploying context [/etrolley-1.00]
01-Jun-2020 15:57:13.583 WARNING [ContainerBackgroundProcessor[StandardEngine[Catalina]]] org.apache.catalina.loader.WebappClassLoaderBase.clearReferencesJdbc The web application [etrolley-1.00] registered the JDBC driver [org.postgresql.Driver] but failed to unregister it when the web application was stopped. To prevent a memory leak, the JDBC Driver has been forcibly unregistered.
01-Jun-2020 15:57:23.594 INFO [localhost-startStop-170] org.apache.catalina.startup.HostConfig.deployWAR Deploying web application archive [/Users/ufukbarankarakaya94/Desktop/apache-tomcat-8.5.55/webapps/etrolley-1.00.war]
01-Jun-2020 15:57:23.664 WARNING [localhost-startStop-170] org.apache.tomcat.util.descriptor.web.WebXml.setVersion Unknown version string [4.0]. Default version will be used.
01-Jun-2020 15:57:23.815 INFO [localhost-startStop-170] org.apache.jasper.servlet.TldScanner.scanJars At least one JAR was scanned for TLDs yet contained no TLDs. Enable debug logging for this logger for a complete list of JARs that were scanned but no TLDs were found in them. Skipping unneeded JARs during scanning can improve startup time and JSP compilation time.
01-Jun-2020 15:57:23.818 INFO [localhost-startStop-170] org.apache.catalina.startup.HostConfig.deployWAR Deployment of web application archive [/Users/ufukbarankarakaya94/Desktop/apache-tomcat-8.5.55/webapps/etrolley-1.00.war] has finished in [224] ms
01-Jun-2020 15:59:13.860 INFO [ContainerBackgroundProcessor[StandardEngine[Catalina]]] org.apache.catalina.startup.HostConfig.undeploy Undeploying context [/etrolley-1.00]
01-Jun-2020 15:59:13.865 WARNING [ContainerBackgroundProcessor[StandardEngine[Catalina]]] org.apache.catalina.loader.WebappClassLoaderBase.clearReferencesJdbc The web application [etrolley-1.00] registered the JDBC driver [org.postgresql.Driver] but failed to unregister it when the web application was stopped. To prevent a memory leak, the JDBC Driver has been forcibly unregistered.
01-Jun-2020 15:59:13.869 INFO [localhost-startStop-171] org.apache.catalina.startup.HostConfig.deployWAR Deploying web application archive [/Users/ufukbarankarakaya94/Desktop/apache-tomcat-8.5.55/webapps/etrolley-1.00.war]
01-Jun-2020 15:59:13.937 WARNING [localhost-startStop-171] org.apache.tomcat.util.descriptor.web.WebXml.setVersion Unknown version string [4.0]. Default version will be used.
01-Jun-2020 15:59:14.080 INFO [localhost-startStop-171] org.apache.jasper.servlet.TldScanner.scanJars At least one JAR was scanned for TLDs yet contained no TLDs. Enable debug logging for this logger for a complete list of JARs that were scanned but no TLDs were found in them. Skipping unneeded JARs during scanning can improve startup time and JSP compilation time.
01-Jun-2020 15:59:14.083 INFO [localhost-startStop-171] org.apache.catalina.startup.HostConfig.deployWAR Deployment of web application archive [/Users/ufukbarankarakaya94/Desktop/apache-tomcat-8.5.55/webapps/etrolley-1.00.war] has finished in [214] ms
01-Jun-2020 16:02:54.172 INFO [ContainerBackgroundProcessor[StandardEngine[Catalina]]] org.apache.catalina.startup.HostConfig.undeploy Undeploying context [/etrolley-1.00]
01-Jun-2020 16:02:54.177 WARNING [ContainerBackgroundProcessor[StandardEngine[Catalina]]] org.apache.catalina.loader.WebappClassLoaderBase.clearReferencesJdbc The web application [etrolley-1.00] registered the JDBC driver [org.postgresql.Driver] but failed to unregister it when the web application was stopped. To prevent a memory leak, the JDBC Driver has been forcibly unregistered.
01-Jun-2020 16:02:54.181 INFO [localhost-startStop-172] org.apache.catalina.startup.HostConfig.deployWAR Deploying web application archive [/Users/ufukbarankarakaya94/Desktop/apache-tomcat-8.5.55/webapps/etrolley-1.00.war]
01-Jun-2020 16:02:54.250 WARNING [localhost-startStop-172] org.apache.tomcat.util.descriptor.web.WebXml.setVersion Unknown version string [4.0]. Default version will be used.
01-Jun-2020 16:02:54.390 INFO [localhost-startStop-172] org.apache.jasper.servlet.TldScanner.scanJars At least one JAR was scanned for TLDs yet contained no TLDs. Enable debug logging for this logger for a complete list of JARs that were scanned but no TLDs were found in them. Skipping unneeded JARs during scanning can improve startup time and JSP compilation time.
01-Jun-2020 16:02:54.394 INFO [localhost-startStop-172] org.apache.catalina.startup.HostConfig.deployWAR Deployment of web application archive [/Users/ufukbarankarakaya94/Desktop/apache-tomcat-8.5.55/webapps/etrolley-1.00.war] has finished in [213] ms
01-Jun-2020 16:05:44.987 INFO [ContainerBackgroundProcessor[StandardEngine[Catalina]]] org.apache.catalina.startup.HostConfig.undeploy Undeploying context [/etrolley-1.00]
01-Jun-2020 16:05:44.992 WARNING [ContainerBackgroundProcessor[StandardEngine[Catalina]]] org.apache.catalina.loader.WebappClassLoaderBase.clearReferencesJdbc The web application [etrolley-1.00] registered the JDBC driver [org.postgresql.Driver] but failed to unregister it when the web application was stopped. To prevent a memory leak, the JDBC Driver has been forcibly unregistered.
01-Jun-2020 16:05:55.001 INFO [localhost-startStop-173] org.apache.catalina.startup.HostConfig.deployWAR Deploying web application archive [/Users/ufukbarankarakaya94/Desktop/apache-tomcat-8.5.55/webapps/etrolley-1.00.war]
01-Jun-2020 16:05:55.075 WARNING [localhost-startStop-173] org.apache.tomcat.util.descriptor.web.WebXml.setVersion Unknown version string [4.0]. Default version will be used.
01-Jun-2020 16:05:55.217 INFO [localhost-startStop-173] org.apache.jasper.servlet.TldScanner.scanJars At least one JAR was scanned for TLDs yet contained no TLDs. Enable debug logging for this logger for a complete list of JARs that were scanned but no TLDs were found in them. Skipping unneeded JARs during scanning can improve startup time and JSP compilation time.
01-Jun-2020 16:05:55.221 INFO [localhost-startStop-173] org.apache.catalina.startup.HostConfig.deployWAR Deployment of web application archive [/Users/ufukbarankarakaya94/Desktop/apache-tomcat-8.5.55/webapps/etrolley-1.00.war] has finished in [219] ms
01-Jun-2020 16:10:15.348 INFO [ContainerBackgroundProcessor[StandardEngine[Catalina]]] org.apache.catalina.startup.HostConfig.undeploy Undeploying context [/etrolley-1.00]
01-Jun-2020 16:10:15.353 WARNING [ContainerBackgroundProcessor[StandardEngine[Catalina]]] org.apache.catalina.loader.WebappClassLoaderBase.clearReferencesJdbc The web application [etrolley-1.00] registered the JDBC driver [org.postgresql.Driver] but failed to unregister it when the web application was stopped. To prevent a memory leak, the JDBC Driver has been forcibly unregistered.
01-Jun-2020 16:10:15.357 INFO [localhost-startStop-174] org.apache.catalina.startup.HostConfig.deployWAR Deploying web application archive [/Users/ufukbarankarakaya94/Desktop/apache-tomcat-8.5.55/webapps/etrolley-1.00.war]
01-Jun-2020 16:10:15.443 WARNING [localhost-startStop-174] org.apache.tomcat.util.descriptor.web.WebXml.setVersion Unknown version string [4.0]. Default version will be used.
01-Jun-2020 16:10:15.585 INFO [localhost-startStop-174] org.apache.jasper.servlet.TldScanner.scanJars At least one JAR was scanned for TLDs yet contained no TLDs. Enable debug logging for this logger for a complete list of JARs that were scanned but no TLDs were found in them. Skipping unneeded JARs during scanning can improve startup time and JSP compilation time.
01-Jun-2020 16:10:15.588 INFO [localhost-startStop-174] org.apache.catalina.startup.HostConfig.deployWAR Deployment of web application archive [/Users/ufukbarankarakaya94/Desktop/apache-tomcat-8.5.55/webapps/etrolley-1.00.war] has finished in [231] ms
01-Jun-2020 16:18:15.837 INFO [ContainerBackgroundProcessor[StandardEngine[Catalina]]] org.apache.catalina.startup.HostConfig.undeploy Undeploying context [/etrolley-1.00]
01-Jun-2020 16:18:15.841 WARNING [ContainerBackgroundProcessor[StandardEngine[Catalina]]] org.apache.catalina.loader.WebappClassLoaderBase.clearReferencesJdbc The web application [etrolley-1.00] registered the JDBC driver [org.postgresql.Driver] but failed to unregister it when the web application was stopped. To prevent a memory leak, the JDBC Driver has been forcibly unregistered.
01-Jun-2020 16:18:15.845 INFO [localhost-startStop-175] org.apache.catalina.startup.HostConfig.deployWAR Deploying web application archive [/Users/ufukbarankarakaya94/Desktop/apache-tomcat-8.5.55/webapps/etrolley-1.00.war]
01-Jun-2020 16:18:15.912 WARNING [localhost-startStop-175] org.apache.tomcat.util.descriptor.web.WebXml.setVersion Unknown version string [4.0]. Default version will be used.
01-Jun-2020 16:18:16.057 INFO [localhost-startStop-175] org.apache.jasper.servlet.TldScanner.scanJars At least one JAR was scanned for TLDs yet contained no TLDs. Enable debug logging for this logger for a complete list of JARs that were scanned but no TLDs were found in them. Skipping unneeded JARs during scanning can improve startup time and JSP compilation time.
01-Jun-2020 16:18:16.060 INFO [localhost-startStop-175] org.apache.catalina.startup.HostConfig.deployWAR Deployment of web application archive [/Users/ufukbarankarakaya94/Desktop/apache-tomcat-8.5.55/webapps/etrolley-1.00.war] has finished in [215] ms
01-Jun-2020 16:19:26.608 INFO [ContainerBackgroundProcessor[StandardEngine[Catalina]]] org.apache.catalina.startup.HostConfig.undeploy Undeploying context [/etrolley-1.00]
01-Jun-2020 16:19:26.615 WARNING [ContainerBackgroundProcessor[StandardEngine[Catalina]]] org.apache.catalina.loader.WebappClassLoaderBase.clearReferencesJdbc The web application [etrolley-1.00] registered the JDBC driver [org.postgresql.Driver] but failed to unregister it when the web application was stopped. To prevent a memory leak, the JDBC Driver has been forcibly unregistered.
01-Jun-2020 16:19:36.634 INFO [localhost-startStop-176] org.apache.catalina.startup.HostConfig.deployWAR Deploying web application archive [/Users/ufukbarankarakaya94/Desktop/apache-tomcat-8.5.55/webapps/etrolley-1.00.war]
01-Jun-2020 16:19:36.704 WARNING [localhost-startStop-176] org.apache.tomcat.util.descriptor.web.WebXml.setVersion Unknown version string [4.0]. Default version will be used.
01-Jun-2020 16:19:36.840 INFO [localhost-startStop-176] org.apache.jasper.servlet.TldScanner.scanJars At least one JAR was scanned for TLDs yet contained no TLDs. Enable debug logging for this logger for a complete list of JARs that were scanned but no TLDs were found in them. Skipping unneeded JARs during scanning can improve startup time and JSP compilation time.
01-Jun-2020 16:19:36.843 INFO [localhost-startStop-176] org.apache.catalina.startup.HostConfig.deployWAR Deployment of web application archive [/Users/ufukbarankarakaya94/Desktop/apache-tomcat-8.5.55/webapps/etrolley-1.00.war] has finished in [209] ms
01-Jun-2020 16:23:36.954 INFO [ContainerBackgroundProcessor[StandardEngine[Catalina]]] org.apache.catalina.startup.HostConfig.undeploy Undeploying context [/etrolley-1.00]
01-Jun-2020 16:23:36.959 WARNING [ContainerBackgroundProcessor[StandardEngine[Catalina]]] org.apache.catalina.loader.WebappClassLoaderBase.clearReferencesJdbc The web application [etrolley-1.00] registered the JDBC driver [org.postgresql.Driver] but failed to unregister it when the web application was stopped. To prevent a memory leak, the JDBC Driver has been forcibly unregistered.
01-Jun-2020 16:23:36.964 INFO [localhost-startStop-177] org.apache.catalina.startup.HostConfig.deployWAR Deploying web application archive [/Users/ufukbarankarakaya94/Desktop/apache-tomcat-8.5.55/webapps/etrolley-1.00.war]
01-Jun-2020 16:23:37.037 WARNING [localhost-startStop-177] org.apache.tomcat.util.descriptor.web.WebXml.setVersion Unknown version string [4.0]. Default version will be used.
01-Jun-2020 16:23:37.177 INFO [localhost-startStop-177] org.apache.jasper.servlet.TldScanner.scanJars At least one JAR was scanned for TLDs yet contained no TLDs. Enable debug logging for this logger for a complete list of JARs that were scanned but no TLDs were found in them. Skipping unneeded JARs during scanning can improve startup time and JSP compilation time.
01-Jun-2020 16:23:37.180 INFO [localhost-startStop-177] org.apache.catalina.startup.HostConfig.deployWAR Deployment of web application archive [/Users/ufukbarankarakaya94/Desktop/apache-tomcat-8.5.55/webapps/etrolley-1.00.war] has finished in [216] ms
01-Jun-2020 16:25:07.719 INFO [ContainerBackgroundProcessor[StandardEngine[Catalina]]] org.apache.catalina.startup.HostConfig.undeploy Undeploying context [/etrolley-1.00]
01-Jun-2020 16:25:07.725 WARNING [ContainerBackgroundProcessor[StandardEngine[Catalina]]] org.apache.catalina.loader.WebappClassLoaderBase.clearReferencesJdbc The web application [etrolley-1.00] registered the JDBC driver [org.postgresql.Driver] but failed to unregister it when the web application was stopped. To prevent a memory leak, the JDBC Driver has been forcibly unregistered.
01-Jun-2020 16:25:17.732 INFO [localhost-startStop-178] org.apache.catalina.startup.HostConfig.deployWAR Deploying web application archive [/Users/ufukbarankarakaya94/Desktop/apache-tomcat-8.5.55/webapps/etrolley-1.00.war]
01-Jun-2020 16:25:17.806 WARNING [localhost-startStop-178] org.apache.tomcat.util.descriptor.web.WebXml.setVersion Unknown version string [4.0]. Default version will be used.
01-Jun-2020 16:25:17.989 INFO [localhost-startStop-178] org.apache.jasper.servlet.TldScanner.scanJars At least one JAR was scanned for TLDs yet contained no TLDs. Enable debug logging for this logger for a complete list of JARs that were scanned but no TLDs were found in them. Skipping unneeded JARs during scanning can improve startup time and JSP compilation time.
01-Jun-2020 16:25:17.992 INFO [localhost-startStop-178] org.apache.catalina.startup.HostConfig.deployWAR Deployment of web application archive [/Users/ufukbarankarakaya94/Desktop/apache-tomcat-8.5.55/webapps/etrolley-1.00.war] has finished in [260] ms
01-Jun-2020 16:26:18.020 INFO [ContainerBackgroundProcessor[StandardEngine[Catalina]]] org.apache.catalina.startup.HostConfig.undeploy Undeploying context [/etrolley-1.00]
01-Jun-2020 16:26:18.025 WARNING [ContainerBackgroundProcessor[StandardEngine[Catalina]]] org.apache.catalina.loader.WebappClassLoaderBase.clearReferencesJdbc The web application [etrolley-1.00] registered the JDBC driver [org.postgresql.Driver] but failed to unregister it when the web application was stopped. To prevent a memory leak, the JDBC Driver has been forcibly unregistered.
01-Jun-2020 16:26:18.029 INFO [localhost-startStop-179] org.apache.catalina.startup.HostConfig.deployWAR Deploying web application archive [/Users/ufukbarankarakaya94/Desktop/apache-tomcat-8.5.55/webapps/etrolley-1.00.war]
01-Jun-2020 16:26:18.110 WARNING [localhost-startStop-179] org.apache.tomcat.util.descriptor.web.WebXml.setVersion Unknown version string [4.0]. Default version will be used.
01-Jun-2020 16:26:18.266 INFO [localhost-startStop-179] org.apache.jasper.servlet.TldScanner.scanJars At least one JAR was scanned for TLDs yet contained no TLDs. Enable debug logging for this logger for a complete list of JARs that were scanned but no TLDs were found in them. Skipping unneeded JARs during scanning can improve startup time and JSP compilation time.
01-Jun-2020 16:26:18.269 INFO [localhost-startStop-179] org.apache.catalina.startup.HostConfig.deployWAR Deployment of web application archive [/Users/ufukbarankarakaya94/Desktop/apache-tomcat-8.5.55/webapps/etrolley-1.00.war] has finished in [240] ms
01-Jun-2020 16:31:58.932 INFO [ContainerBackgroundProcessor[StandardEngine[Catalina]]] org.apache.catalina.startup.HostConfig.undeploy Undeploying context [/etrolley-1.00]
01-Jun-2020 16:31:58.940 WARNING [ContainerBackgroundProcessor[StandardEngine[Catalina]]] org.apache.catalina.loader.WebappClassLoaderBase.clearReferencesJdbc The web application [etrolley-1.00] registered the JDBC driver [org.postgresql.Driver] but failed to unregister it when the web application was stopped. To prevent a memory leak, the JDBC Driver has been forcibly unregistered.
01-Jun-2020 16:32:08.948 INFO [localhost-startStop-180] org.apache.catalina.startup.HostConfig.deployWAR Deploying web application archive [/Users/ufukbarankarakaya94/Desktop/apache-tomcat-8.5.55/webapps/etrolley-1.00.war]
01-Jun-2020 16:32:09.026 WARNING [localhost-startStop-180] org.apache.tomcat.util.descriptor.web.WebXml.setVersion Unknown version string [4.0]. Default version will be used.
01-Jun-2020 16:32:09.163 INFO [localhost-startStop-180] org.apache.jasper.servlet.TldScanner.scanJars At least one JAR was scanned for TLDs yet contained no TLDs. Enable debug logging for this logger for a complete list of JARs that were scanned but no TLDs were found in them. Skipping unneeded JARs during scanning can improve startup time and JSP compilation time.
01-Jun-2020 16:32:09.182 INFO [localhost-startStop-180] org.apache.catalina.startup.HostConfig.deployWAR Deployment of web application archive [/Users/ufukbarankarakaya94/Desktop/apache-tomcat-8.5.55/webapps/etrolley-1.00.war] has finished in [234] ms
01-Jun-2020 16:35:59.786 INFO [ContainerBackgroundProcessor[StandardEngine[Catalina]]] org.apache.catalina.startup.HostConfig.undeploy Undeploying context [/etrolley-1.00]
01-Jun-2020 16:35:59.792 WARNING [ContainerBackgroundProcessor[StandardEngine[Catalina]]] org.apache.catalina.loader.WebappClassLoaderBase.clearReferencesJdbc The web application [etrolley-1.00] registered the JDBC driver [org.postgresql.Driver] but failed to unregister it when the web application was stopped. To prevent a memory leak, the JDBC Driver has been forcibly unregistered.
01-Jun-2020 16:36:09.802 INFO [localhost-startStop-181] org.apache.catalina.startup.HostConfig.deployWAR Deploying web application archive [/Users/ufukbarankarakaya94/Desktop/apache-tomcat-8.5.55/webapps/etrolley-1.00.war]
01-Jun-2020 16:36:09.880 WARNING [localhost-startStop-181] org.apache.tomcat.util.descriptor.web.WebXml.setVersion Unknown version string [4.0]. Default version will be used.
01-Jun-2020 16:36:10.031 INFO [localhost-startStop-181] org.apache.jasper.servlet.TldScanner.scanJars At least one JAR was scanned for TLDs yet contained no TLDs. Enable debug logging for this logger for a complete list of JARs that were scanned but no TLDs were found in them. Skipping unneeded JARs during scanning can improve startup time and JSP compilation time.
01-Jun-2020 16:36:10.035 INFO [localhost-startStop-181] org.apache.catalina.startup.HostConfig.deployWAR Deployment of web application archive [/Users/ufukbarankarakaya94/Desktop/apache-tomcat-8.5.55/webapps/etrolley-1.00.war] has finished in [233] ms
01-Jun-2020 16:38:11.081 INFO [ContainerBackgroundProcessor[StandardEngine[Catalina]]] org.apache.catalina.startup.HostConfig.undeploy Undeploying context [/etrolley-1.00]
01-Jun-2020 16:38:11.089 WARNING [ContainerBackgroundProcessor[StandardEngine[Catalina]]] org.apache.catalina.loader.WebappClassLoaderBase.clearReferencesJdbc The web application [etrolley-1.00] registered the JDBC driver [org.postgresql.Driver] but failed to unregister it when the web application was stopped. To prevent a memory leak, the JDBC Driver has been forcibly unregistered.
01-Jun-2020 16:38:11.096 INFO [localhost-startStop-182] org.apache.catalina.startup.HostConfig.deployWAR Deploying web application archive [/Users/ufukbarankarakaya94/Desktop/apache-tomcat-8.5.55/webapps/etrolley-1.00.war]
01-Jun-2020 16:38:11.228 WARNING [localhost-startStop-182] org.apache.tomcat.util.descriptor.web.WebXml.setVersion Unknown version string [4.0]. Default version will be used.
01-Jun-2020 16:38:11.480 INFO [localhost-startStop-182] org.apache.jasper.servlet.TldScanner.scanJars At least one JAR was scanned for TLDs yet contained no TLDs. Enable debug logging for this logger for a complete list of JARs that were scanned but no TLDs were found in them. Skipping unneeded JARs during scanning can improve startup time and JSP compilation time.
01-Jun-2020 16:38:11.485 INFO [localhost-startStop-182] org.apache.catalina.startup.HostConfig.deployWAR Deployment of web application archive [/Users/ufukbarankarakaya94/Desktop/apache-tomcat-8.5.55/webapps/etrolley-1.00.war] has finished in [389] ms
01-Jun-2020 16:41:21.578 INFO [ContainerBackgroundProcessor[StandardEngine[Catalina]]] org.apache.catalina.startup.HostConfig.undeploy Undeploying context [/etrolley-1.00]
01-Jun-2020 16:41:21.583 WARNING [ContainerBackgroundProcessor[StandardEngine[Catalina]]] org.apache.catalina.loader.WebappClassLoaderBase.clearReferencesJdbc The web application [etrolley-1.00] registered the JDBC driver [org.postgresql.Driver] but failed to unregister it when the web application was stopped. To prevent a memory leak, the JDBC Driver has been forcibly unregistered.
01-Jun-2020 16:41:21.589 INFO [localhost-startStop-183] org.apache.catalina.startup.HostConfig.deployWAR Deploying web application archive [/Users/ufukbarankarakaya94/Desktop/apache-tomcat-8.5.55/webapps/etrolley-1.00.war]
01-Jun-2020 16:41:21.709 WARNING [localhost-startStop-183] org.apache.tomcat.util.descriptor.web.WebXml.setVersion Unknown version string [4.0]. Default version will be used.
01-Jun-2020 16:41:21.962 INFO [localhost-startStop-183] org.apache.jasper.servlet.TldScanner.scanJars At least one JAR was scanned for TLDs yet contained no TLDs. Enable debug logging for this logger for a complete list of JARs that were scanned but no TLDs were found in them. Skipping unneeded JARs during scanning can improve startup time and JSP compilation time.
01-Jun-2020 16:41:21.967 INFO [localhost-startStop-183] org.apache.catalina.startup.HostConfig.deployWAR Deployment of web application archive [/Users/ufukbarankarakaya94/Desktop/apache-tomcat-8.5.55/webapps/etrolley-1.00.war] has finished in [378] ms
01-Jun-2020 16:45:52.091 INFO [ContainerBackgroundProcessor[StandardEngine[Catalina]]] org.apache.catalina.startup.HostConfig.undeploy Undeploying context [/etrolley-1.00]
01-Jun-2020 16:45:52.096 WARNING [ContainerBackgroundProcessor[StandardEngine[Catalina]]] org.apache.catalina.loader.WebappClassLoaderBase.clearReferencesJdbc The web application [etrolley-1.00] registered the JDBC driver [org.postgresql.Driver] but failed to unregister it when the web application was stopped. To prevent a memory leak, the JDBC Driver has been forcibly unregistered.
01-Jun-2020 16:45:52.103 INFO [localhost-startStop-184] org.apache.catalina.startup.HostConfig.deployWAR Deploying web application archive [/Users/ufukbarankarakaya94/Desktop/apache-tomcat-8.5.55/webapps/etrolley-1.00.war]
01-Jun-2020 16:45:52.241 WARNING [localhost-startStop-184] org.apache.tomcat.util.descriptor.web.WebXml.setVersion Unknown version string [4.0]. Default version will be used.
01-Jun-2020 16:45:52.480 INFO [localhost-startStop-184] org.apache.jasper.servlet.TldScanner.scanJars At least one JAR was scanned for TLDs yet contained no TLDs. Enable debug logging for this logger for a complete list of JARs that were scanned but no TLDs were found in them. Skipping unneeded JARs during scanning can improve startup time and JSP compilation time.
01-Jun-2020 16:45:52.485 INFO [localhost-startStop-184] org.apache.catalina.startup.HostConfig.deployWAR Deployment of web application archive [/Users/ufukbarankarakaya94/Desktop/apache-tomcat-8.5.55/webapps/etrolley-1.00.war] has finished in [382] ms
