02-Jun-2020 03:02:57.344 INFO [Thread-4] org.apache.coyote.AbstractProtocol.pause Pausing ProtocolHandler ["http-nio-8080"]
02-Jun-2020 03:02:57.352 INFO [Thread-4] org.apache.catalina.core.StandardService.stopInternal Stopping service [Catalina]
02-Jun-2020 03:02:57.372 WARNING [localhost-startStop-185] org.apache.catalina.loader.WebappClassLoaderBase.clearReferencesJdbc The web application [etrolley-1.00] registered the JDBC driver [org.postgresql.Driver] but failed to unregister it when the web application was stopped. To prevent a memory leak, the JDBC Driver has been forcibly unregistered.
02-Jun-2020 03:02:57.375 INFO [Thread-4] org.apache.coyote.AbstractProtocol.stop Stopping ProtocolHandler ["http-nio-8080"]
02-Jun-2020 03:02:57.377 INFO [Thread-4] org.apache.coyote.AbstractProtocol.destroy Destroying ProtocolHandler ["http-nio-8080"]
02-Jun-2020 23:02:37.957 INFO [main] org.apache.catalina.startup.VersionLoggerListener.log Server version name:   Apache Tomcat/8.5.55
02-Jun-2020 23:02:37.960 INFO [main] org.apache.catalina.startup.VersionLoggerListener.log Server built:          May 5 2020 22:10:54 UTC
02-Jun-2020 23:02:37.960 INFO [main] org.apache.catalina.startup.VersionLoggerListener.log Server version number: 8.5.55.0
02-Jun-2020 23:02:37.960 INFO [main] org.apache.catalina.startup.VersionLoggerListener.log OS Name:               Mac OS X
02-Jun-2020 23:02:37.961 INFO [main] org.apache.catalina.startup.VersionLoggerListener.log OS Version:            10.15.5
02-Jun-2020 23:02:37.961 INFO [main] org.apache.catalina.startup.VersionLoggerListener.log Architecture:          x86_64
02-Jun-2020 23:02:37.961 INFO [main] org.apache.catalina.startup.VersionLoggerListener.log Java Home:             /Library/Java/JavaVirtualMachines/jdk-13.0.2.jdk/Contents/Home
02-Jun-2020 23:02:37.961 INFO [main] org.apache.catalina.startup.VersionLoggerListener.log JVM Version:           13.0.2+8
02-Jun-2020 23:02:37.961 INFO [main] org.apache.catalina.startup.VersionLoggerListener.log JVM Vendor:            Oracle Corporation
02-Jun-2020 23:02:37.961 INFO [main] org.apache.catalina.startup.VersionLoggerListener.log CATALINA_BASE:         /Users/ufukbarankarakaya94/Desktop/apache-tomcat-8.5.55
02-Jun-2020 23:02:37.961 INFO [main] org.apache.catalina.startup.VersionLoggerListener.log CATALINA_HOME:         /Users/ufukbarankarakaya94/Desktop/apache-tomcat-8.5.55
02-Jun-2020 23:02:37.963 INFO [main] org.apache.catalina.startup.VersionLoggerListener.log Command line argument: --add-opens=java.base/java.lang=ALL-UNNAMED
02-Jun-2020 23:02:37.963 INFO [main] org.apache.catalina.startup.VersionLoggerListener.log Command line argument: --add-opens=java.base/java.io=ALL-UNNAMED
02-Jun-2020 23:02:37.963 INFO [main] org.apache.catalina.startup.VersionLoggerListener.log Command line argument: --add-opens=java.rmi/sun.rmi.transport=ALL-UNNAMED
02-Jun-2020 23:02:37.963 INFO [main] org.apache.catalina.startup.VersionLoggerListener.log Command line argument: -Djava.util.logging.config.file=/Users/ufukbarankarakaya94/Desktop/apache-tomcat-8.5.55/conf/logging.properties
02-Jun-2020 23:02:37.963 INFO [main] org.apache.catalina.startup.VersionLoggerListener.log Command line argument: -Djava.util.logging.manager=org.apache.juli.ClassLoaderLogManager
02-Jun-2020 23:02:37.964 INFO [main] org.apache.catalina.startup.VersionLoggerListener.log Command line argument: -Djdk.tls.ephemeralDHKeySize=2048
02-Jun-2020 23:02:37.964 INFO [main] org.apache.catalina.startup.VersionLoggerListener.log Command line argument: -Djava.protocol.handler.pkgs=org.apache.catalina.webresources
02-Jun-2020 23:02:37.964 INFO [main] org.apache.catalina.startup.VersionLoggerListener.log Command line argument: -Dorg.apache.catalina.security.SecurityListener.UMASK=0027
02-Jun-2020 23:02:37.964 INFO [main] org.apache.catalina.startup.VersionLoggerListener.log Command line argument: -Dignore.endorsed.dirs=
02-Jun-2020 23:02:37.964 INFO [main] org.apache.catalina.startup.VersionLoggerListener.log Command line argument: -Dcatalina.base=/Users/ufukbarankarakaya94/Desktop/apache-tomcat-8.5.55
02-Jun-2020 23:02:37.965 INFO [main] org.apache.catalina.startup.VersionLoggerListener.log Command line argument: -Dcatalina.home=/Users/ufukbarankarakaya94/Desktop/apache-tomcat-8.5.55
02-Jun-2020 23:02:37.965 INFO [main] org.apache.catalina.startup.VersionLoggerListener.log Command line argument: -Djava.io.tmpdir=/Users/ufukbarankarakaya94/Desktop/apache-tomcat-8.5.55/temp
02-Jun-2020 23:02:37.965 INFO [main] org.apache.catalina.core.AprLifecycleListener.lifecycleEvent The Apache Tomcat Native library which allows using OpenSSL was not found on the java.library.path: [/Users/ufukbarankarakaya94/Library/Java/Extensions:/Library/Java/Extensions:/Network/Library/Java/Extensions:/System/Library/Java/Extensions:/usr/lib/java:.]
02-Jun-2020 23:02:38.002 INFO [main] org.apache.coyote.AbstractProtocol.init Initializing ProtocolHandler ["http-nio-8080"]
02-Jun-2020 23:02:38.025 INFO [main] org.apache.tomcat.util.net.NioSelectorPool.getSharedSelector Using a shared selector for servlet write/read
02-Jun-2020 23:02:38.047 INFO [main] org.apache.catalina.startup.Catalina.load Initialization processed in 472 ms
02-Jun-2020 23:02:38.086 INFO [main] org.apache.catalina.core.StandardService.startInternal Starting service [Catalina]
02-Jun-2020 23:02:38.087 INFO [main] org.apache.catalina.core.StandardEngine.startInternal Starting Servlet Engine: Apache Tomcat/8.5.55
02-Jun-2020 23:02:38.117 INFO [localhost-startStop-1] org.apache.catalina.startup.HostConfig.deployWAR Deploying web application archive [/Users/ufukbarankarakaya94/Desktop/apache-tomcat-8.5.55/webapps/etrolley-1.00.war]
02-Jun-2020 23:02:38.353 WARNING [localhost-startStop-1] org.apache.tomcat.util.descriptor.web.WebXml.setVersion Unknown version string [4.0]. Default version will be used.
02-Jun-2020 23:02:38.559 WARNING [localhost-startStop-1] org.apache.tomcat.jdbc.pool.ConnectionPool.checkPoolConfiguration maxIdle is larger than maxActive, setting maxIdle to: 10
02-Jun-2020 23:02:38.765 INFO [localhost-startStop-1] org.apache.jasper.servlet.TldScanner.scanJars At least one JAR was scanned for TLDs yet contained no TLDs. Enable debug logging for this logger for a complete list of JARs that were scanned but no TLDs were found in them. Skipping unneeded JARs during scanning can improve startup time and JSP compilation time.
02-Jun-2020 23:02:38.807 INFO [localhost-startStop-1] org.apache.catalina.startup.HostConfig.deployWAR Deployment of web application archive [/Users/ufukbarankarakaya94/Desktop/apache-tomcat-8.5.55/webapps/etrolley-1.00.war] has finished in [689] ms
02-Jun-2020 23:02:38.808 INFO [localhost-startStop-1] org.apache.catalina.startup.HostConfig.deployDirectory Deploying web application directory [/Users/ufukbarankarakaya94/Desktop/apache-tomcat-8.5.55/webapps/docs]
02-Jun-2020 23:02:38.826 INFO [localhost-startStop-1] org.apache.catalina.startup.HostConfig.deployDirectory Deployment of web application directory [/Users/ufukbarankarakaya94/Desktop/apache-tomcat-8.5.55/webapps/docs] has finished in [18] ms
02-Jun-2020 23:02:38.827 INFO [localhost-startStop-1] org.apache.catalina.startup.HostConfig.deployDirectory Deploying web application directory [/Users/ufukbarankarakaya94/Desktop/apache-tomcat-8.5.55/webapps/manager]
02-Jun-2020 23:02:38.853 INFO [localhost-startStop-1] org.apache.catalina.startup.HostConfig.deployDirectory Deployment of web application directory [/Users/ufukbarankarakaya94/Desktop/apache-tomcat-8.5.55/webapps/manager] has finished in [26] ms
02-Jun-2020 23:02:38.854 INFO [localhost-startStop-1] org.apache.catalina.startup.HostConfig.deployDirectory Deploying web application directory [/Users/ufukbarankarakaya94/Desktop/apache-tomcat-8.5.55/webapps/examples]
02-Jun-2020 23:02:39.025 INFO [localhost-startStop-1] org.apache.catalina.startup.HostConfig.deployDirectory Deployment of web application directory [/Users/ufukbarankarakaya94/Desktop/apache-tomcat-8.5.55/webapps/examples] has finished in [171] ms
02-Jun-2020 23:02:39.025 INFO [localhost-startStop-1] org.apache.catalina.startup.HostConfig.deployDirectory Deploying web application directory [/Users/ufukbarankarakaya94/Desktop/apache-tomcat-8.5.55/webapps/ROOT]
02-Jun-2020 23:02:39.040 INFO [localhost-startStop-1] org.apache.catalina.startup.HostConfig.deployDirectory Deployment of web application directory [/Users/ufukbarankarakaya94/Desktop/apache-tomcat-8.5.55/webapps/ROOT] has finished in [15] ms
02-Jun-2020 23:02:39.040 INFO [localhost-startStop-1] org.apache.catalina.startup.HostConfig.deployDirectory Deploying web application directory [/Users/ufukbarankarakaya94/Desktop/apache-tomcat-8.5.55/webapps/host-manager]
02-Jun-2020 23:02:39.060 INFO [localhost-startStop-1] org.apache.catalina.startup.HostConfig.deployDirectory Deployment of web application directory [/Users/ufukbarankarakaya94/Desktop/apache-tomcat-8.5.55/webapps/host-manager] has finished in [20] ms
02-Jun-2020 23:02:39.064 INFO [main] org.apache.coyote.AbstractProtocol.start Starting ProtocolHandler ["http-nio-8080"]
02-Jun-2020 23:02:39.070 INFO [main] org.apache.catalina.startup.Catalina.start Server startup in 1022 ms
02-Jun-2020 23:08:19.745 INFO [ContainerBackgroundProcessor[StandardEngine[Catalina]]] org.apache.catalina.startup.HostConfig.undeploy Undeploying context [/etrolley-1.00]
02-Jun-2020 23:08:19.764 WARNING [ContainerBackgroundProcessor[StandardEngine[Catalina]]] org.apache.catalina.loader.WebappClassLoaderBase.clearReferencesJdbc The web application [etrolley-1.00] registered the JDBC driver [org.postgresql.Driver] but failed to unregister it when the web application was stopped. To prevent a memory leak, the JDBC Driver has been forcibly unregistered.
02-Jun-2020 23:08:29.792 INFO [localhost-startStop-2] org.apache.catalina.startup.HostConfig.deployWAR Deploying web application archive [/Users/ufukbarankarakaya94/Desktop/apache-tomcat-8.5.55/webapps/etrolley-1.00.war]
02-Jun-2020 23:08:29.875 WARNING [localhost-startStop-2] org.apache.tomcat.util.descriptor.web.WebXml.setVersion Unknown version string [4.0]. Default version will be used.
02-Jun-2020 23:08:30.077 INFO [localhost-startStop-2] org.apache.jasper.servlet.TldScanner.scanJars At least one JAR was scanned for TLDs yet contained no TLDs. Enable debug logging for this logger for a complete list of JARs that were scanned but no TLDs were found in them. Skipping unneeded JARs during scanning can improve startup time and JSP compilation time.
02-Jun-2020 23:08:30.084 INFO [localhost-startStop-2] org.apache.catalina.startup.HostConfig.deployWAR Deployment of web application archive [/Users/ufukbarankarakaya94/Desktop/apache-tomcat-8.5.55/webapps/etrolley-1.00.war] has finished in [292] ms
