29-May-2020 13:06:35.545 INFO [localhost-startStop-10] org.apache.catalina.core.ApplicationContext.log SessionListener: contextDestroyed()
29-May-2020 13:06:35.545 INFO [localhost-startStop-10] org.apache.catalina.core.ApplicationContext.log ContextListener: contextDestroyed()
29-May-2020 14:12:34.696 INFO [localhost-startStop-1] org.apache.catalina.core.ApplicationContext.log ContextListener: contextInitialized()
29-May-2020 14:12:34.696 INFO [localhost-startStop-1] org.apache.catalina.core.ApplicationContext.log SessionListener: contextInitialized()
29-May-2020 14:12:34.697 INFO [localhost-startStop-1] org.apache.catalina.core.ApplicationContext.log ContextListener: attributeAdded('StockTicker', 'async.Stockticker@149df557')
29-May-2020 15:06:41.283 SEVERE [http-nio-8080-exec-19] org.apache.catalina.core.StandardWrapperValve.invoke Allocate exception for servlet [RestManagerServlet]
	javax.servlet.ServletException: Impossible to access the connection pool to the database: Unexpected exception resolving reference 
 org.postgresql.util.PSQLException: FATAL: password authentication failed for user "postgres"
		at it.unipd.dei.webapp.database.ConnectionHelper.getDataSource(ConnectionHelper.java:28)
		at it.unipd.dei.webapp.servlet.AbstractDatabaseServlet.init(AbstractDatabaseServlet.java:52)
		at it.unipd.dei.webapp.servlet.RestManagerServlet.init(RestManagerServlet.java:68)
		at org.apache.catalina.core.StandardWrapper.initServlet(StandardWrapper.java:1144)
		at org.apache.catalina.core.StandardWrapper.loadServlet(StandardWrapper.java:1091)
		at org.apache.catalina.core.StandardWrapper.allocate(StandardWrapper.java:763)
		at org.apache.catalina.core.StandardWrapperValve.invoke(StandardWrapperValve.java:134)
		at org.apache.catalina.core.StandardContextValve.invoke(StandardContextValve.java:96)
		at org.apache.catalina.authenticator.AuthenticatorBase.invoke(AuthenticatorBase.java:543)
		at org.apache.catalina.core.StandardHostValve.invoke(StandardHostValve.java:139)
		at org.apache.catalina.valves.ErrorReportValve.invoke(ErrorReportValve.java:81)
		at org.apache.catalina.valves.AbstractAccessLogValve.invoke(AbstractAccessLogValve.java:690)
		at org.apache.catalina.core.StandardEngineValve.invoke(StandardEngineValve.java:87)
		at org.apache.catalina.connector.CoyoteAdapter.service(CoyoteAdapter.java:343)
		at org.apache.coyote.http11.Http11Processor.service(Http11Processor.java:615)
		at org.apache.coyote.AbstractProcessorLight.process(AbstractProcessorLight.java:65)
		at org.apache.coyote.AbstractProtocol$ConnectionHandler.process(AbstractProtocol.java:818)
		at org.apache.tomcat.util.net.NioEndpoint$SocketProcessor.doRun(NioEndpoint.java:1627)
		at org.apache.tomcat.util.net.SocketProcessorBase.run(SocketProcessorBase.java:49)
		at java.base/java.util.concurrent.ThreadPoolExecutor.runWorker(ThreadPoolExecutor.java:1128)
		at java.base/java.util.concurrent.ThreadPoolExecutor$Worker.run(ThreadPoolExecutor.java:628)
		at org.apache.tomcat.util.threads.TaskThread$WrappingRunnable.run(TaskThread.java:61)
		at java.base/java.lang.Thread.run(Thread.java:830)
29-May-2020 15:06:59.453 SEVERE [http-nio-8080-exec-19] org.apache.catalina.core.StandardWrapperValve.invoke Allocate exception for servlet [RestManagerServlet]
	javax.servlet.ServletException: Impossible to access the connection pool to the database: Unexpected exception resolving reference 
 org.postgresql.util.PSQLException: FATAL: password authentication failed for user "postgres"
		at it.unipd.dei.webapp.database.ConnectionHelper.getDataSource(ConnectionHelper.java:28)
		at it.unipd.dei.webapp.servlet.AbstractDatabaseServlet.init(AbstractDatabaseServlet.java:52)
		at it.unipd.dei.webapp.servlet.RestManagerServlet.init(RestManagerServlet.java:68)
		at org.apache.catalina.core.StandardWrapper.initServlet(StandardWrapper.java:1144)
		at org.apache.catalina.core.StandardWrapper.loadServlet(StandardWrapper.java:1091)
		at org.apache.catalina.core.StandardWrapper.allocate(StandardWrapper.java:763)
		at org.apache.catalina.core.StandardWrapperValve.invoke(StandardWrapperValve.java:134)
		at org.apache.catalina.core.StandardContextValve.invoke(StandardContextValve.java:96)
		at org.apache.catalina.authenticator.AuthenticatorBase.invoke(AuthenticatorBase.java:543)
		at org.apache.catalina.core.StandardHostValve.invoke(StandardHostValve.java:139)
		at org.apache.catalina.valves.ErrorReportValve.invoke(ErrorReportValve.java:81)
		at org.apache.catalina.valves.AbstractAccessLogValve.invoke(AbstractAccessLogValve.java:690)
		at org.apache.catalina.core.StandardEngineValve.invoke(StandardEngineValve.java:87)
		at org.apache.catalina.connector.CoyoteAdapter.service(CoyoteAdapter.java:343)
		at org.apache.coyote.http11.Http11Processor.service(Http11Processor.java:615)
		at org.apache.coyote.AbstractProcessorLight.process(AbstractProcessorLight.java:65)
		at org.apache.coyote.AbstractProtocol$ConnectionHandler.process(AbstractProtocol.java:818)
		at org.apache.tomcat.util.net.NioEndpoint$SocketProcessor.doRun(NioEndpoint.java:1627)
		at org.apache.tomcat.util.net.SocketProcessorBase.run(SocketProcessorBase.java:49)
		at java.base/java.util.concurrent.ThreadPoolExecutor.runWorker(ThreadPoolExecutor.java:1128)
		at java.base/java.util.concurrent.ThreadPoolExecutor$Worker.run(ThreadPoolExecutor.java:628)
		at org.apache.tomcat.util.threads.TaskThread$WrappingRunnable.run(TaskThread.java:61)
		at java.base/java.lang.Thread.run(Thread.java:830)
29-May-2020 16:11:20.493 INFO [localhost-startStop-12] org.apache.catalina.core.ApplicationContext.log SessionListener: contextDestroyed()
29-May-2020 16:11:20.493 INFO [localhost-startStop-12] org.apache.catalina.core.ApplicationContext.log ContextListener: contextDestroyed()
29-May-2020 16:25:14.998 INFO [localhost-startStop-1] org.apache.catalina.core.ApplicationContext.log ContextListener: contextInitialized()
29-May-2020 16:25:14.998 INFO [localhost-startStop-1] org.apache.catalina.core.ApplicationContext.log SessionListener: contextInitialized()
29-May-2020 16:25:14.999 INFO [localhost-startStop-1] org.apache.catalina.core.ApplicationContext.log ContextListener: attributeAdded('StockTicker', 'async.Stockticker@540dec32')
29-May-2020 16:25:22.770 SEVERE [http-nio-8080-exec-9] org.apache.catalina.core.StandardWrapperValve.invoke Allocate exception for servlet [RestManagerServlet]
	javax.servlet.ServletException: Impossible to access the connection pool to the database: Unexpected exception resolving reference 
 org.postgresql.util.PSQLException: Connection to 127.0.0.1:5432 refused. Check that the hostname and port are correct and that the postmaster is accepting TCP/IP connections.
		at it.unipd.dei.webapp.database.ConnectionHelper.getDataSource(ConnectionHelper.java:28)
		at it.unipd.dei.webapp.servlet.AbstractDatabaseServlet.init(AbstractDatabaseServlet.java:52)
		at it.unipd.dei.webapp.servlet.RestManagerServlet.init(RestManagerServlet.java:68)
		at org.apache.catalina.core.StandardWrapper.initServlet(StandardWrapper.java:1144)
		at org.apache.catalina.core.StandardWrapper.loadServlet(StandardWrapper.java:1091)
		at org.apache.catalina.core.StandardWrapper.allocate(StandardWrapper.java:763)
		at org.apache.catalina.core.StandardWrapperValve.invoke(StandardWrapperValve.java:134)
		at org.apache.catalina.core.StandardContextValve.invoke(StandardContextValve.java:96)
		at org.apache.catalina.authenticator.AuthenticatorBase.invoke(AuthenticatorBase.java:543)
		at org.apache.catalina.core.StandardHostValve.invoke(StandardHostValve.java:139)
		at org.apache.catalina.valves.ErrorReportValve.invoke(ErrorReportValve.java:81)
		at org.apache.catalina.valves.AbstractAccessLogValve.invoke(AbstractAccessLogValve.java:690)
		at org.apache.catalina.core.StandardEngineValve.invoke(StandardEngineValve.java:87)
		at org.apache.catalina.connector.CoyoteAdapter.service(CoyoteAdapter.java:343)
		at org.apache.coyote.http11.Http11Processor.service(Http11Processor.java:615)
		at org.apache.coyote.AbstractProcessorLight.process(AbstractProcessorLight.java:65)
		at org.apache.coyote.AbstractProtocol$ConnectionHandler.process(AbstractProtocol.java:818)
		at org.apache.tomcat.util.net.NioEndpoint$SocketProcessor.doRun(NioEndpoint.java:1627)
		at org.apache.tomcat.util.net.SocketProcessorBase.run(SocketProcessorBase.java:49)
		at java.base/java.util.concurrent.ThreadPoolExecutor.runWorker(ThreadPoolExecutor.java:1128)
		at java.base/java.util.concurrent.ThreadPoolExecutor$Worker.run(ThreadPoolExecutor.java:628)
		at org.apache.tomcat.util.threads.TaskThread$WrappingRunnable.run(TaskThread.java:61)
		at java.base/java.lang.Thread.run(Thread.java:830)
